Open file: 16/10/2025
10:13:54 a.m.: IDPREPARACION, IDMUESTRA, IDTECNICA, IDREPLICADO, IDCALIBRADOR, TIPOTRAMA
            1, 1, 1, 1, 1, 11
            
            INFOR. MUESTRA (RACK, TUBO, VOLUMEN)
            2, 1, 24
            INFOR. REACTIVO1 Y 2 (RACK, TUBO, VOLUMEN)
            R1: 2, 3, 2400
            R2: 0, 0, 0
            TrPreparacion completa:
            (1/2) FI, IP, TIPO, DP, SR, SRT, ST, SV, RR1, RRT1, RT1
            1, 1, 1, 1, 2, 1, 1, 24, 2, 1, 3
            (2/2) RV1, RR2, RRT2, RT2, RV2, DC, F1, F2, CV, LN, IDT
            2400, 0, 0, 0, 0, 0, 8, 3, 9549, 26, 44
            
10:14:32 a.m.: IDPREPARACION, IDMUESTRA, IDTECNICA, IDREPLICADO, IDCALIBRADOR, TIPOTRAMA
            2, 1, 1, 2, 1, 11
            
            INFOR. MUESTRA (RACK, TUBO, VOLUMEN)
            2, 1, 24
            INFOR. REACTIVO1 Y 2 (RACK, TUBO, VOLUMEN)
            R1: 2, 3, 2400
            R2: 0, 0, 0
            TrPreparacion completa:
            (1/2) FI, IP, TIPO, DP, SR, SRT, ST, SV, RR1, RRT1, RT1
            1, 2, 1, 1, 2, 1, 1, 24, 2, 1, 3
            (2/2) RV1, RR2, RRT2, RT2, RV2, DC, F1, F2, CV, LN, IDT
            2400, 0, 0, 0, 0, 0, 8, 3, 9549, 26, 44
            
10:14:56 a.m.: IDPREPARACION, IDMUESTRA, IDTECNICA, IDREPLICADO, IDCALIBRADOR, TIPOTRAMA
            3, 1, 1, 3, 1, 11
            
            INFOR. MUESTRA (RACK, TUBO, VOLUMEN)
            2, 1, 24
            INFOR. REACTIVO1 Y 2 (RACK, TUBO, VOLUMEN)
            R1: 2, 3, 2400
            R2: 0, 0, 0
            TrPreparacion completa:
            (1/2) FI, IP, TIPO, DP, SR, SRT, ST, SV, RR1, RRT1, RT1
            1, 3, 1, 1, 2, 1, 1, 24, 2, 1, 3
            (2/2) RV1, RR2, RRT2, RT2, RV2, DC, F1, F2, CV, LN, IDT
            2400, 0, 0, 0, 0, 0, 8, 3, 9549, 26, 44
            
10:15:20 a.m.: IDPREPARACION, IDMUESTRA, IDTECNICA, IDREPLICADO, IDCALIBRADOR, TIPOTRAMA
            4, 2, 1, 1, 1, 11
            
            INFOR. MUESTRA (RACK, TUBO, VOLUMEN)
            2, 1, 48
            INFOR. REACTIVO1 Y 2 (RACK, TUBO, VOLUMEN)
            R1: 2, 4, 1920
            R2: 2, 5, 480
            TrPreparacion completa:
            (1/2) FI, IP, TIPO, DP, SR, SRT, ST, SV, RR1, RRT1, RT1
            1, 4, 1, 1, 2, 1, 1, 48, 2, 1, 4
            (2/2) RV1, RR2, RRT2, RT2, RV2, DC, F1, F2, CV, LN, IDT
            1920, 2, 1, 5, 480, 7, 4, 8, 9549, 19, 33
            
10:15:44 a.m.: IDPREPARACION, IDMUESTRA, IDTECNICA, IDREPLICADO, IDCALIBRADOR, TIPOTRAMA
            5, 2, 1, 2, 1, 11
            
            INFOR. MUESTRA (RACK, TUBO, VOLUMEN)
            2, 1, 48
            INFOR. REACTIVO1 Y 2 (RACK, TUBO, VOLUMEN)
            R1: 2, 4, 1920
            R2: 2, 5, 480
            TrPreparacion completa:
            (1/2) FI, IP, TIPO, DP, SR, SRT, ST, SV, RR1, RRT1, RT1
            1, 5, 1, 1, 2, 1, 1, 48, 2, 1, 4
            (2/2) RV1, RR2, RRT2, RT2, RV2, DC, F1, F2, CV, LN, IDT
            1920, 2, 1, 5, 480, 7, 4, 8, 9549, 19, 33
            
10:16:08 a.m.: IDPREPARACION, IDMUESTRA, IDTECNICA, IDREPLICADO, IDCALIBRADOR, TIPOTRAMA
            6, 2, 1, 3, 1, 11
            
            INFOR. MUESTRA (RACK, TUBO, VOLUMEN)
            2, 1, 48
            INFOR. REACTIVO1 Y 2 (RACK, TUBO, VOLUMEN)
            R1: 2, 4, 1920
            R2: 2, 5, 480
            TrPreparacion completa:
            (1/2) FI, IP, TIPO, DP, SR, SRT, ST, SV, RR1, RRT1, RT1
            1, 6, 1, 1, 2, 1, 1, 48, 2, 1, 4
            (2/2) RV1, RR2, RRT2, RT2, RV2, DC, F1, F2, CV, LN, IDT
            1920, 2, 1, 5, 480, 7, 4, 8, 9549, 19, 33
            
10:16:32 a.m.: IDPREPARACION, IDMUESTRA, IDTECNICA, IDREPLICADO, IDCALIBRADOR, TIPOTRAMA
            7, 3, 1, 1, 1, 11
            
            INFOR. MUESTRA (RACK, TUBO, VOLUMEN)
            2, 1, 239
            INFOR. REACTIVO1 Y 2 (RACK, TUBO, VOLUMEN)
            R1: 2, 9, 1195
            R2: 2, 10, 1195
            TrPreparacion completa:
            (1/2) FI, IP, TIPO, DP, SR, SRT, ST, SV, RR1, RRT1, RT1
            1, 7, 1, 1, 2, 1, 1, 239, 2, 1, 9
            (2/2) RV1, RR2, RRT2, RT2, RV2, DC, F1, F2, CV, LN, IDT
            1195, 2, 1, 10, 1195, 13, 3, 3, 9549, 18, 55
            
10:16:56 a.m.: IDPREPARACION, IDMUESTRA, IDTECNICA, IDREPLICADO, IDCALIBRADOR, TIPOTRAMA
            8, 3, 1, 2, 1, 11
            
            INFOR. MUESTRA (RACK, TUBO, VOLUMEN)
            2, 1, 239
            INFOR. REACTIVO1 Y 2 (RACK, TUBO, VOLUMEN)
            R1: 2, 9, 1195
            R2: 2, 10, 1195
            TrPreparacion completa:
            (1/2) FI, IP, TIPO, DP, SR, SRT, ST, SV, RR1, RRT1, RT1
            1, 8, 1, 1, 2, 1, 1, 239, 2, 1, 9
            (2/2) RV1, RR2, RRT2, RT2, RV2, DC, F1, F2, CV, LN, IDT
            1195, 2, 1, 10, 1195, 13, 3, 3, 9549, 18, 55
            
10:17:20 a.m.: IDPREPARACION, IDMUESTRA, IDTECNICA, IDREPLICADO, IDCALIBRADOR, TIPOTRAMA
            9, 3, 1, 3, 1, 11
            
            INFOR. MUESTRA (RACK, TUBO, VOLUMEN)
            2, 1, 239
            INFOR. REACTIVO1 Y 2 (RACK, TUBO, VOLUMEN)
            R1: 2, 9, 1195
            R2: 2, 10, 1195
            TrPreparacion completa:
            (1/2) FI, IP, TIPO, DP, SR, SRT, ST, SV, RR1, RRT1, RT1
            1, 9, 1, 1, 2, 1, 1, 239, 2, 1, 9
            (2/2) RV1, RR2, RRT2, RT2, RV2, DC, F1, F2, CV, LN, IDT
            1195, 2, 1, 10, 1195, 13, 3, 3, 9549, 18, 55
            
10:18:50 a.m.: IDPREPARACION, IDMUESTRA, IDTECNICA, IDREPLICADO, IDCALIBRADOR, TIPOTRAMA
            10, 4, 1, 1, 1, 11
            
            INFOR. MUESTRA (RACK, TUBO, VOLUMEN)
            2, 1, 80
            INFOR. REACTIVO1 Y 2 (RACK, TUBO, VOLUMEN)
            R1: 2, 6, 1920
            R2: 2, 7, 480
            TrPreparacion completa:
            (1/2) FI, IP, TIPO, DP, SR, SRT, ST, SV, RR1, RRT1, RT1
            1, 10, 1, 1, 2, 1, 1, 80, 2, 1, 6
            (2/2) RV1, RR2, RRT2, RT2, RV2, DC, F1, F2, CV, LN, IDT
            1920, 2, 1, 7, 480, 5, 4, 4, 9549, 17, 36
            
10:19:21 a.m.: IDPREPARACION, IDMUESTRA, IDTECNICA, IDREPLICADO, IDCALIBRADOR, TIPOTRAMA
            11, 4, 1, 2, 1, 11
            
            INFOR. MUESTRA (RACK, TUBO, VOLUMEN)
            2, 1, 80
            INFOR. REACTIVO1 Y 2 (RACK, TUBO, VOLUMEN)
            R1: 2, 6, 1920
            R2: 2, 7, 480
            TrPreparacion completa:
            (1/2) FI, IP, TIPO, DP, SR, SRT, ST, SV, RR1, RRT1, RT1
            1, 11, 1, 1, 2, 1, 1, 80, 2, 1, 6
            (2/2) RV1, RR2, RRT2, RT2, RV2, DC, F1, F2, CV, LN, IDT
            1920, 2, 1, 7, 480, 5, 4, 4, 9549, 17, 36
            
10:19:45 a.m.: IDPREPARACION, IDMUESTRA, IDTECNICA, IDREPLICADO, IDCALIBRADOR, TIPOTRAMA
            12, 4, 1, 3, 1, 11
            
            INFOR. MUESTRA (RACK, TUBO, VOLUMEN)
            2, 1, 80
            INFOR. REACTIVO1 Y 2 (RACK, TUBO, VOLUMEN)
            R1: 2, 6, 1920
            R2: 2, 7, 480
            TrPreparacion completa:
            (1/2) FI, IP, TIPO, DP, SR, SRT, ST, SV, RR1, RRT1, RT1
            1, 12, 1, 1, 2, 1, 1, 80, 2, 1, 6
            (2/2) RV1, RR2, RRT2, RT2, RV2, DC, F1, F2, CV, LN, IDT
            1920, 2, 1, 7, 480, 5, 4, 4, 9549, 17, 36
            
10:19:45 a.m.: PREPARACION ABORTADA : 12
            
10:20:03 a.m.: IDPREPARACION, IDMUESTRA, IDTECNICA, IDREPLICADO, IDCALIBRADOR, TIPOTRAMA
            12, 4, 1, 3, 1, 11
            
            INFOR. MUESTRA (RACK, TUBO, VOLUMEN)
            2, 1, 80
            INFOR. REACTIVO1 Y 2 (RACK, TUBO, VOLUMEN)
            R1: 2, 6, 1920
            R2: 2, 7, 480
            TrPreparacion completa:
            (1/2) FI, IP, TIPO, DP, SR, SRT, ST, SV, RR1, RRT1, RT1
            1, 12, 1, 1, 2, 1, 1, 80, 2, 1, 6
            (2/2) RV1, RR2, RRT2, RT2, RV2, DC, F1, F2, CV, LN, IDT
            1920, 2, 1, 7, 480, 5, 4, 4, 9549, 17, 36
            
10:20:04 a.m.: PREPARACION ABORTADA : 12
            
10:22:26 a.m.: IDPREPARACION, IDMUESTRA, IDTECNICA, IDREPLICADO, IDCALIBRADOR, TIPOTRAMA
            12, 4, 1, 3, 1, 11
            
            INFOR. MUESTRA (RACK, TUBO, VOLUMEN)
            2, 1, 80
            INFOR. REACTIVO1 Y 2 (RACK, TUBO, VOLUMEN)
            R1: 2, 6, 1920
            R2: 2, 7, 480
            TrPreparacion completa:
            (1/2) FI, IP, TIPO, DP, SR, SRT, ST, SV, RR1, RRT1, RT1
            1, 12, 1, 1, 2, 1, 1, 80, 2, 1, 6
            (2/2) RV1, RR2, RRT2, RT2, RV2, DC, F1, F2, CV, LN, IDT
            1920, 2, 1, 7, 480, 5, 4, 4, 9549, 17, 36
            
10:22:57 a.m.: IDPREPARACION, IDMUESTRA, IDTECNICA, IDREPLICADO, IDCALIBRADOR, TIPOTRAMA
            13, 5, 1, 1, 1, 11
            
            INFOR. MUESTRA (RACK, TUBO, VOLUMEN)
            2, 1, 32
            INFOR. REACTIVO1 Y 2 (RACK, TUBO, VOLUMEN)
            R1: 2, 8, 2400
            R2: 0, 0, 0
            TrPreparacion completa:
            (1/2) FI, IP, TIPO, DP, SR, SRT, ST, SV, RR1, RRT1, RT1
            1, 13, 1, 1, 2, 1, 1, 32, 2, 1, 8
            (2/2) RV1, RR2, RRT2, RT2, RV2, DC, F1, F2, CV, LN, IDT
            2400, 0, 0, 0, 0, 0, 8, 4, 9549, 14, 76
            
10:23:21 a.m.: IDPREPARACION, IDMUESTRA, IDTECNICA, IDREPLICADO, IDCALIBRADOR, TIPOTRAMA
            14, 5, 1, 2, 1, 11
            
            INFOR. MUESTRA (RACK, TUBO, VOLUMEN)
            2, 1, 32
            INFOR. REACTIVO1 Y 2 (RACK, TUBO, VOLUMEN)
            R1: 2, 8, 2400
            R2: 0, 0, 0
            TrPreparacion completa:
            (1/2) FI, IP, TIPO, DP, SR, SRT, ST, SV, RR1, RRT1, RT1
            1, 14, 1, 1, 2, 1, 1, 32, 2, 1, 8
            (2/2) RV1, RR2, RRT2, RT2, RV2, DC, F1, F2, CV, LN, IDT
            2400, 0, 0, 0, 0, 0, 8, 4, 9549, 14, 76
            
10:23:45 a.m.: IDPREPARACION, IDMUESTRA, IDTECNICA, IDREPLICADO, IDCALIBRADOR, TIPOTRAMA
            15, 5, 1, 3, 1, 11
            
            INFOR. MUESTRA (RACK, TUBO, VOLUMEN)
            2, 1, 32
            INFOR. REACTIVO1 Y 2 (RACK, TUBO, VOLUMEN)
            R1: 2, 8, 2400
            R2: 0, 0, 0
            TrPreparacion completa:
            (1/2) FI, IP, TIPO, DP, SR, SRT, ST, SV, RR1, RRT1, RT1
            1, 15, 1, 1, 2, 1, 1, 32, 2, 1, 8
            (2/2) RV1, RR2, RRT2, RT2, RV2, DC, F1, F2, CV, LN, IDT
            2400, 0, 0, 0, 0, 0, 8, 4, 9549, 14, 76
            
10:24:26 a.m.: IDPREPARACION, IDMUESTRA, IDTECNICA, IDREPLICADO, IDCALIBRADOR, TIPOTRAMA
            16, 6, 1, 1, 1, 11
            
            INFOR. MUESTRA (RACK, TUBO, VOLUMEN)
            3, 1, 24
            INFOR. REACTIVO1 Y 2 (RACK, TUBO, VOLUMEN)
            R1: 2, 3, 2400
            R2: 0, 0, 0
            TrPreparacion completa:
            (1/2) FI, IP, TIPO, DP, SR, SRT, ST, SV, RR1, RRT1, RT1
            1, 16, 1, 1, 3, 2, 1, 24, 2, 1, 3
            (2/2) RV1, RR2, RRT2, RT2, RV2, DC, F1, F2, CV, LN, IDT
            2400, 0, 0, 0, 0, 0, 8, 3, 9549, 26, 44
            
10:24:57 a.m.: IDPREPARACION, IDMUESTRA, IDTECNICA, IDREPLICADO, IDCALIBRADOR, TIPOTRAMA
            17, 6, 1, 2, 1, 11
            
            INFOR. MUESTRA (RACK, TUBO, VOLUMEN)
            3, 1, 24
            INFOR. REACTIVO1 Y 2 (RACK, TUBO, VOLUMEN)
            R1: 2, 3, 2400
            R2: 0, 0, 0
            TrPreparacion completa:
            (1/2) FI, IP, TIPO, DP, SR, SRT, ST, SV, RR1, RRT1, RT1
            1, 17, 1, 1, 3, 2, 1, 24, 2, 1, 3
            (2/2) RV1, RR2, RRT2, RT2, RV2, DC, F1, F2, CV, LN, IDT
            2400, 0, 0, 0, 0, 0, 8, 3, 9549, 26, 44
            
10:25:21 a.m.: IDPREPARACION, IDMUESTRA, IDTECNICA, IDREPLICADO, IDCALIBRADOR, TIPOTRAMA
            18, 6, 1, 3, 1, 11
            
            INFOR. MUESTRA (RACK, TUBO, VOLUMEN)
            3, 1, 24
            INFOR. REACTIVO1 Y 2 (RACK, TUBO, VOLUMEN)
            R1: 2, 3, 2400
            R2: 0, 0, 0
            TrPreparacion completa:
            (1/2) FI, IP, TIPO, DP, SR, SRT, ST, SV, RR1, RRT1, RT1
            1, 18, 1, 1, 3, 2, 1, 24, 2, 1, 3
            (2/2) RV1, RR2, RRT2, RT2, RV2, DC, F1, F2, CV, LN, IDT
            2400, 0, 0, 0, 0, 0, 8, 3, 9549, 26, 44
            
10:25:45 a.m.: IDPREPARACION, IDMUESTRA, IDTECNICA, IDREPLICADO, IDCALIBRADOR, TIPOTRAMA
            19, 6, 2, 1, 1, 11
            
            INFOR. MUESTRA (RACK, TUBO, VOLUMEN)
            3, 1, 48
            INFOR. REACTIVO1 Y 2 (RACK, TUBO, VOLUMEN)
            R1: 2, 4, 1920
            R2: 2, 5, 480
            TrPreparacion completa:
            (1/2) FI, IP, TIPO, DP, SR, SRT, ST, SV, RR1, RRT1, RT1
            1, 19, 1, 1, 3, 2, 1, 48, 2, 1, 4
            (2/2) RV1, RR2, RRT2, RT2, RV2, DC, F1, F2, CV, LN, IDT
            1920, 2, 1, 5, 480, 7, 4, 8, 9549, 19, 33
            
10:26:09 a.m.: IDPREPARACION, IDMUESTRA, IDTECNICA, IDREPLICADO, IDCALIBRADOR, TIPOTRAMA
            20, 6, 2, 2, 1, 11
            
            INFOR. MUESTRA (RACK, TUBO, VOLUMEN)
            3, 1, 48
            INFOR. REACTIVO1 Y 2 (RACK, TUBO, VOLUMEN)
            R1: 2, 4, 1920
            R2: 2, 5, 480
            TrPreparacion completa:
            (1/2) FI, IP, TIPO, DP, SR, SRT, ST, SV, RR1, RRT1, RT1
            1, 20, 1, 1, 3, 2, 1, 48, 2, 1, 4
            (2/2) RV1, RR2, RRT2, RT2, RV2, DC, F1, F2, CV, LN, IDT
            1920, 2, 1, 5, 480, 7, 4, 8, 9549, 19, 33
            
10:26:33 a.m.: IDPREPARACION, IDMUESTRA, IDTECNICA, IDREPLICADO, IDCALIBRADOR, TIPOTRAMA
            21, 6, 2, 3, 1, 11
            
            INFOR. MUESTRA (RACK, TUBO, VOLUMEN)
            3, 1, 48
            INFOR. REACTIVO1 Y 2 (RACK, TUBO, VOLUMEN)
            R1: 2, 4, 1920
            R2: 2, 5, 480
            TrPreparacion completa:
            (1/2) FI, IP, TIPO, DP, SR, SRT, ST, SV, RR1, RRT1, RT1
            1, 21, 1, 1, 3, 2, 1, 48, 2, 1, 4
            (2/2) RV1, RR2, RRT2, RT2, RV2, DC, F1, F2, CV, LN, IDT
            1920, 2, 1, 5, 480, 7, 4, 8, 9549, 19, 33
            
10:26:58 a.m.: IDPREPARACION, IDMUESTRA, IDTECNICA, IDREPLICADO, IDCALIBRADOR, TIPOTRAMA
            22, 6, 3, 1, 1, 11
            
            INFOR. MUESTRA (RACK, TUBO, VOLUMEN)
            3, 1, 239
            INFOR. REACTIVO1 Y 2 (RACK, TUBO, VOLUMEN)
            R1: 2, 9, 1195
            R2: 2, 10, 1195
            TrPreparacion completa:
            (1/2) FI, IP, TIPO, DP, SR, SRT, ST, SV, RR1, RRT1, RT1
            1, 22, 1, 1, 3, 2, 1, 239, 2, 1, 9
            (2/2) RV1, RR2, RRT2, RT2, RV2, DC, F1, F2, CV, LN, IDT
            1195, 2, 1, 10, 1195, 13, 3, 3, 9549, 18, 55
            
10:27:22 a.m.: IDPREPARACION, IDMUESTRA, IDTECNICA, IDREPLICADO, IDCALIBRADOR, TIPOTRAMA
            23, 6, 3, 2, 1, 11
            
            INFOR. MUESTRA (RACK, TUBO, VOLUMEN)
            3, 1, 239
            INFOR. REACTIVO1 Y 2 (RACK, TUBO, VOLUMEN)
            R1: 2, 9, 1195
            R2: 2, 10, 1195
            TrPreparacion completa:
            (1/2) FI, IP, TIPO, DP, SR, SRT, ST, SV, RR1, RRT1, RT1
            1, 23, 1, 1, 3, 2, 1, 239, 2, 1, 9
            (2/2) RV1, RR2, RRT2, RT2, RV2, DC, F1, F2, CV, LN, IDT
            1195, 2, 1, 10, 1195, 13, 3, 3, 9549, 18, 55
            
10:27:46 a.m.: IDPREPARACION, IDMUESTRA, IDTECNICA, IDREPLICADO, IDCALIBRADOR, TIPOTRAMA
            24, 6, 3, 3, 1, 11
            
            INFOR. MUESTRA (RACK, TUBO, VOLUMEN)
            3, 1, 239
            INFOR. REACTIVO1 Y 2 (RACK, TUBO, VOLUMEN)
            R1: 2, 9, 1195
            R2: 2, 10, 1195
            TrPreparacion completa:
            (1/2) FI, IP, TIPO, DP, SR, SRT, ST, SV, RR1, RRT1, RT1
            1, 24, 1, 1, 3, 2, 1, 239, 2, 1, 9
            (2/2) RV1, RR2, RRT2, RT2, RV2, DC, F1, F2, CV, LN, IDT
            1195, 2, 1, 10, 1195, 13, 3, 3, 9549, 18, 55
            
10:29:15 a.m.: IDPREPARACION, IDMUESTRA, IDTECNICA, IDREPLICADO, IDCALIBRADOR, TIPOTRAMA
            25, 6, 4, 1, 1, 11
            
            INFOR. MUESTRA (RACK, TUBO, VOLUMEN)
            3, 1, 80
            INFOR. REACTIVO1 Y 2 (RACK, TUBO, VOLUMEN)
            R1: 2, 6, 1920
            R2: 2, 7, 480
            TrPreparacion completa:
            (1/2) FI, IP, TIPO, DP, SR, SRT, ST, SV, RR1, RRT1, RT1
            1, 25, 1, 1, 3, 2, 1, 80, 2, 1, 6
            (2/2) RV1, RR2, RRT2, RT2, RV2, DC, F1, F2, CV, LN, IDT
            1920, 2, 1, 7, 480, 5, 4, 4, 9549, 17, 36
            
10:29:46 a.m.: IDPREPARACION, IDMUESTRA, IDTECNICA, IDREPLICADO, IDCALIBRADOR, TIPOTRAMA
            26, 6, 4, 2, 1, 11
            
            INFOR. MUESTRA (RACK, TUBO, VOLUMEN)
            3, 1, 80
            INFOR. REACTIVO1 Y 2 (RACK, TUBO, VOLUMEN)
            R1: 2, 6, 1920
            R2: 2, 7, 480
            TrPreparacion completa:
            (1/2) FI, IP, TIPO, DP, SR, SRT, ST, SV, RR1, RRT1, RT1
            1, 26, 1, 1, 3, 2, 1, 80, 2, 1, 6
            (2/2) RV1, RR2, RRT2, RT2, RV2, DC, F1, F2, CV, LN, IDT
            1920, 2, 1, 7, 480, 5, 4, 4, 9549, 17, 36
            
10:30:10 a.m.: IDPREPARACION, IDMUESTRA, IDTECNICA, IDREPLICADO, IDCALIBRADOR, TIPOTRAMA
            27, 6, 4, 3, 1, 11
            
            INFOR. MUESTRA (RACK, TUBO, VOLUMEN)
            3, 1, 80
            INFOR. REACTIVO1 Y 2 (RACK, TUBO, VOLUMEN)
            R1: 2, 6, 1920
            R2: 2, 7, 480
            TrPreparacion completa:
            (1/2) FI, IP, TIPO, DP, SR, SRT, ST, SV, RR1, RRT1, RT1
            1, 27, 1, 1, 3, 2, 1, 80, 2, 1, 6
            (2/2) RV1, RR2, RRT2, RT2, RV2, DC, F1, F2, CV, LN, IDT
            1920, 2, 1, 7, 480, 5, 4, 4, 9549, 17, 36
            
10:30:10 a.m.: PREPARACION ABORTADA : 27
            
10:30:28 a.m.: IDPREPARACION, IDMUESTRA, IDTECNICA, IDREPLICADO, IDCALIBRADOR, TIPOTRAMA
            27, 6, 4, 3, 1, 11
            
            INFOR. MUESTRA (RACK, TUBO, VOLUMEN)
            3, 1, 80
            INFOR. REACTIVO1 Y 2 (RACK, TUBO, VOLUMEN)
            R1: 2, 6, 1920
            R2: 2, 7, 480
            TrPreparacion completa:
            (1/2) FI, IP, TIPO, DP, SR, SRT, ST, SV, RR1, RRT1, RT1
            1, 27, 1, 1, 3, 2, 1, 80, 2, 1, 6
            (2/2) RV1, RR2, RRT2, RT2, RV2, DC, F1, F2, CV, LN, IDT
            1920, 2, 1, 7, 480, 5, 4, 4, 9549, 17, 36
            
10:30:29 a.m.: PREPARACION ABORTADA : 27
            
10:32:51 a.m.: IDPREPARACION, IDMUESTRA, IDTECNICA, IDREPLICADO, IDCALIBRADOR, TIPOTRAMA
            27, 6, 4, 3, 1, 11
            
            INFOR. MUESTRA (RACK, TUBO, VOLUMEN)
            3, 1, 80
            INFOR. REACTIVO1 Y 2 (RACK, TUBO, VOLUMEN)
            R1: 2, 6, 1920
            R2: 2, 7, 480
            TrPreparacion completa:
            (1/2) FI, IP, TIPO, DP, SR, SRT, ST, SV, RR1, RRT1, RT1
            1, 27, 1, 1, 3, 2, 1, 80, 2, 1, 6
            (2/2) RV1, RR2, RRT2, RT2, RV2, DC, F1, F2, CV, LN, IDT
            1920, 2, 1, 7, 480, 5, 4, 4, 9549, 17, 36
            
10:33:22 a.m.: IDPREPARACION, IDMUESTRA, IDTECNICA, IDREPLICADO, IDCALIBRADOR, TIPOTRAMA
            28, 6, 5, 1, 1, 11
            
            INFOR. MUESTRA (RACK, TUBO, VOLUMEN)
            3, 1, 32
            INFOR. REACTIVO1 Y 2 (RACK, TUBO, VOLUMEN)
            R1: 2, 8, 2400
            R2: 0, 0, 0
            TrPreparacion completa:
            (1/2) FI, IP, TIPO, DP, SR, SRT, ST, SV, RR1, RRT1, RT1
            1, 28, 1, 1, 3, 2, 1, 32, 2, 1, 8
            (2/2) RV1, RR2, RRT2, RT2, RV2, DC, F1, F2, CV, LN, IDT
            2400, 0, 0, 0, 0, 0, 8, 4, 9549, 14, 76
            
10:33:46 a.m.: IDPREPARACION, IDMUESTRA, IDTECNICA, IDREPLICADO, IDCALIBRADOR, TIPOTRAMA
            29, 6, 5, 2, 1, 11
            
            INFOR. MUESTRA (RACK, TUBO, VOLUMEN)
            3, 1, 32
            INFOR. REACTIVO1 Y 2 (RACK, TUBO, VOLUMEN)
            R1: 2, 8, 2400
            R2: 0, 0, 0
            TrPreparacion completa:
            (1/2) FI, IP, TIPO, DP, SR, SRT, ST, SV, RR1, RRT1, RT1
            1, 29, 1, 1, 3, 2, 1, 32, 2, 1, 8
            (2/2) RV1, RR2, RRT2, RT2, RV2, DC, F1, F2, CV, LN, IDT
            2400, 0, 0, 0, 0, 0, 8, 4, 9549, 14, 76
            
10:34:10 a.m.: IDPREPARACION, IDMUESTRA, IDTECNICA, IDREPLICADO, IDCALIBRADOR, TIPOTRAMA
            30, 6, 5, 3, 1, 11
            
            INFOR. MUESTRA (RACK, TUBO, VOLUMEN)
            3, 1, 32
            INFOR. REACTIVO1 Y 2 (RACK, TUBO, VOLUMEN)
            R1: 2, 8, 2400
            R2: 0, 0, 0
            TrPreparacion completa:
            (1/2) FI, IP, TIPO, DP, SR, SRT, ST, SV, RR1, RRT1, RT1
            1, 30, 1, 1, 3, 2, 1, 32, 2, 1, 8
            (2/2) RV1, RR2, RRT2, RT2, RV2, DC, F1, F2, CV, LN, IDT
            2400, 0, 0, 0, 0, 0, 8, 4, 9549, 14, 76
            
10:34:52 a.m.: IDPREPARACION, IDMUESTRA, IDTECNICA, IDREPLICADO, IDCALIBRADOR, TIPOTRAMA
            31, 7, 1, 1, 1, 11
            
            INFOR. MUESTRA (RACK, TUBO, VOLUMEN)
            3, 2, 24
            INFOR. REACTIVO1 Y 2 (RACK, TUBO, VOLUMEN)
            R1: 2, 3, 2400
            R2: 0, 0, 0
            TrPreparacion completa:
            (1/2) FI, IP, TIPO, DP, SR, SRT, ST, SV, RR1, RRT1, RT1
            1, 31, 1, 1, 3, 2, 2, 24, 2, 1, 3
            (2/2) RV1, RR2, RRT2, RT2, RV2, DC, F1, F2, CV, LN, IDT
            2400, 0, 0, 0, 0, 0, 8, 3, 9549, 26, 44
            
10:35:23 a.m.: IDPREPARACION, IDMUESTRA, IDTECNICA, IDREPLICADO, IDCALIBRADOR, TIPOTRAMA
            32, 7, 1, 2, 1, 11
            
            INFOR. MUESTRA (RACK, TUBO, VOLUMEN)
            3, 2, 24
            INFOR. REACTIVO1 Y 2 (RACK, TUBO, VOLUMEN)
            R1: 2, 3, 2400
            R2: 0, 0, 0
            TrPreparacion completa:
            (1/2) FI, IP, TIPO, DP, SR, SRT, ST, SV, RR1, RRT1, RT1
            1, 32, 1, 1, 3, 2, 2, 24, 2, 1, 3
            (2/2) RV1, RR2, RRT2, RT2, RV2, DC, F1, F2, CV, LN, IDT
            2400, 0, 0, 0, 0, 0, 8, 3, 9549, 26, 44
            
10:35:47 a.m.: IDPREPARACION, IDMUESTRA, IDTECNICA, IDREPLICADO, IDCALIBRADOR, TIPOTRAMA
            33, 7, 1, 3, 1, 11
            
            INFOR. MUESTRA (RACK, TUBO, VOLUMEN)
            3, 2, 24
            INFOR. REACTIVO1 Y 2 (RACK, TUBO, VOLUMEN)
            R1: 2, 3, 2400
            R2: 0, 0, 0
            TrPreparacion completa:
            (1/2) FI, IP, TIPO, DP, SR, SRT, ST, SV, RR1, RRT1, RT1
            1, 33, 1, 1, 3, 2, 2, 24, 2, 1, 3
            (2/2) RV1, RR2, RRT2, RT2, RV2, DC, F1, F2, CV, LN, IDT
            2400, 0, 0, 0, 0, 0, 8, 3, 9549, 26, 44
            
10:36:11 a.m.: IDPREPARACION, IDMUESTRA, IDTECNICA, IDREPLICADO, IDCALIBRADOR, TIPOTRAMA
            34, 7, 2, 1, 1, 11
            
            INFOR. MUESTRA (RACK, TUBO, VOLUMEN)
            3, 2, 48
            INFOR. REACTIVO1 Y 2 (RACK, TUBO, VOLUMEN)
            R1: 2, 4, 1920
            R2: 2, 5, 480
            TrPreparacion completa:
            (1/2) FI, IP, TIPO, DP, SR, SRT, ST, SV, RR1, RRT1, RT1
            1, 34, 1, 1, 3, 2, 2, 48, 2, 1, 4
            (2/2) RV1, RR2, RRT2, RT2, RV2, DC, F1, F2, CV, LN, IDT
            1920, 2, 1, 5, 480, 7, 4, 8, 9549, 19, 33
            
10:36:35 a.m.: IDPREPARACION, IDMUESTRA, IDTECNICA, IDREPLICADO, IDCALIBRADOR, TIPOTRAMA
            35, 7, 3, 1, 1, 11
            
            INFOR. MUESTRA (RACK, TUBO, VOLUMEN)
            3, 2, 239
            INFOR. REACTIVO1 Y 2 (RACK, TUBO, VOLUMEN)
            R1: 2, 9, 1195
            R2: 2, 10, 1195
            TrPreparacion completa:
            (1/2) FI, IP, TIPO, DP, SR, SRT, ST, SV, RR1, RRT1, RT1
            1, 35, 1, 1, 3, 2, 2, 239, 2, 1, 9
            (2/2) RV1, RR2, RRT2, RT2, RV2, DC, F1, F2, CV, LN, IDT
            1195, 2, 1, 10, 1195, 13, 3, 3, 9549, 18, 55
            
10:36:59 a.m.: IDPREPARACION, IDMUESTRA, IDTECNICA, IDREPLICADO, IDCALIBRADOR, TIPOTRAMA
            36, 7, 4, 1, 1, 11
            
            INFOR. MUESTRA (RACK, TUBO, VOLUMEN)
            3, 2, 80
            INFOR. REACTIVO1 Y 2 (RACK, TUBO, VOLUMEN)
            R1: 2, 6, 1920
            R2: 2, 7, 480
            TrPreparacion completa:
            (1/2) FI, IP, TIPO, DP, SR, SRT, ST, SV, RR1, RRT1, RT1
            1, 36, 1, 1, 3, 2, 2, 80, 2, 1, 6
            (2/2) RV1, RR2, RRT2, RT2, RV2, DC, F1, F2, CV, LN, IDT
            1920, 2, 1, 7, 480, 5, 4, 4, 9549, 17, 36
            
10:36:59 a.m.: PREPARACION ABORTADA : 36
            
10:37:17 a.m.: IDPREPARACION, IDMUESTRA, IDTECNICA, IDREPLICADO, IDCALIBRADOR, TIPOTRAMA
            36, 7, 4, 1, 1, 11
            
            INFOR. MUESTRA (RACK, TUBO, VOLUMEN)
            3, 2, 80
            INFOR. REACTIVO1 Y 2 (RACK, TUBO, VOLUMEN)
            R1: 2, 6, 1920
            R2: 2, 7, 480
            TrPreparacion completa:
            (1/2) FI, IP, TIPO, DP, SR, SRT, ST, SV, RR1, RRT1, RT1
            1, 36, 1, 1, 3, 2, 2, 80, 2, 1, 6
            (2/2) RV1, RR2, RRT2, RT2, RV2, DC, F1, F2, CV, LN, IDT
            1920, 2, 1, 7, 480, 5, 4, 4, 9549, 17, 36
            
10:37:47 a.m.: IDPREPARACION, IDMUESTRA, IDTECNICA, IDREPLICADO, IDCALIBRADOR, TIPOTRAMA
            37, 7, 5, 1, 1, 11
            
            INFOR. MUESTRA (RACK, TUBO, VOLUMEN)
            3, 2, 32
            INFOR. REACTIVO1 Y 2 (RACK, TUBO, VOLUMEN)
            R1: 2, 8, 2400
            R2: 0, 0, 0
            TrPreparacion completa:
            (1/2) FI, IP, TIPO, DP, SR, SRT, ST, SV, RR1, RRT1, RT1
            1, 37, 1, 1, 3, 2, 2, 32, 2, 1, 8
            (2/2) RV1, RR2, RRT2, RT2, RV2, DC, F1, F2, CV, LN, IDT
            2400, 0, 0, 0, 0, 0, 8, 4, 9549, 14, 76
            
10:38:11 a.m.: IDPREPARACION, IDMUESTRA, IDTECNICA, IDREPLICADO, IDCALIBRADOR, TIPOTRAMA
            38, 8, 1, 1, 1, 11
            
            INFOR. MUESTRA (RACK, TUBO, VOLUMEN)
            3, 3, 24
            INFOR. REACTIVO1 Y 2 (RACK, TUBO, VOLUMEN)
            R1: 2, 3, 2400
            R2: 0, 0, 0
            TrPreparacion completa:
            (1/2) FI, IP, TIPO, DP, SR, SRT, ST, SV, RR1, RRT1, RT1
            1, 38, 1, 1, 3, 2, 3, 24, 2, 1, 3
            (2/2) RV1, RR2, RRT2, RT2, RV2, DC, F1, F2, CV, LN, IDT
            2400, 0, 0, 0, 0, 0, 8, 3, 9549, 26, 44
            
10:39:16 a.m.: IDPREPARACION, IDMUESTRA, IDTECNICA, IDREPLICADO, IDCALIBRADOR, TIPOTRAMA
            39, 8, 2, 1, 1, 11
            
            INFOR. MUESTRA (RACK, TUBO, VOLUMEN)
            3, 3, 48
            INFOR. REACTIVO1 Y 2 (RACK, TUBO, VOLUMEN)
            R1: 2, 4, 1920
            R2: 2, 5, 480
            TrPreparacion completa:
            (1/2) FI, IP, TIPO, DP, SR, SRT, ST, SV, RR1, RRT1, RT1
            1, 39, 1, 1, 3, 2, 3, 48, 2, 1, 4
            (2/2) RV1, RR2, RRT2, RT2, RV2, DC, F1, F2, CV, LN, IDT
            1920, 2, 1, 5, 480, 7, 4, 8, 9549, 19, 33
            
12:29:11 p.m.: IDPREPARACION, IDMUESTRA, IDTECNICA, IDREPLICADO, IDCALIBRADOR, TIPOTRAMA
            39, 8, 2, 1, 1, 11
            
            INFOR. MUESTRA (RACK, TUBO, VOLUMEN)
            3, 3, 48
            INFOR. REACTIVO1 Y 2 (RACK, TUBO, VOLUMEN)
            R1: 2, 4, 1920
            R2: 2, 5, 480
            TrPreparacion completa:
            (1/2) FI, IP, TIPO, DP, SR, SRT, ST, SV, RR1, RRT1, RT1
            1, 39, 1, 1, 3, 2, 3, 48, 2, 1, 4
            (2/2) RV1, RR2, RRT2, RT2, RV2, DC, F1, F2, CV, LN, IDT
            1920, 2, 1, 5, 480, 7, 4, 8, 9549, 19, 33
            
12:29:50 p.m.: IDPREPARACION, IDMUESTRA, IDTECNICA, IDREPLICADO, IDCALIBRADOR, TIPOTRAMA
            40, 8, 3, 1, 1, 11
            
            INFOR. MUESTRA (RACK, TUBO, VOLUMEN)
            3, 3, 239
            INFOR. REACTIVO1 Y 2 (RACK, TUBO, VOLUMEN)
            R1: 2, 9, 1195
            R2: 2, 10, 1195
            TrPreparacion completa:
            (1/2) FI, IP, TIPO, DP, SR, SRT, ST, SV, RR1, RRT1, RT1
            1, 40, 1, 1, 3, 2, 3, 239, 2, 1, 9
            (2/2) RV1, RR2, RRT2, RT2, RV2, DC, F1, F2, CV, LN, IDT
            1195, 2, 1, 10, 1195, 13, 3, 3, 9549, 18, 55
            
12:30:14 p.m.: IDPREPARACION, IDMUESTRA, IDTECNICA, IDREPLICADO, IDCALIBRADOR, TIPOTRAMA
            41, 8, 4, 1, 1, 11
            
            INFOR. MUESTRA (RACK, TUBO, VOLUMEN)
            3, 3, 80
            INFOR. REACTIVO1 Y 2 (RACK, TUBO, VOLUMEN)
            R1: 2, 6, 1920
            R2: 2, 7, 480
            TrPreparacion completa:
            (1/2) FI, IP, TIPO, DP, SR, SRT, ST, SV, RR1, RRT1, RT1
            1, 41, 1, 1, 3, 2, 3, 80, 2, 1, 6
            (2/2) RV1, RR2, RRT2, RT2, RV2, DC, F1, F2, CV, LN, IDT
            1920, 2, 1, 7, 480, 5, 4, 4, 9549, 17, 36
            
12:30:15 p.m.: PREPARACION ABORTADA : 41
            
12:30:32 p.m.: IDPREPARACION, IDMUESTRA, IDTECNICA, IDREPLICADO, IDCALIBRADOR, TIPOTRAMA
            41, 8, 4, 1, 1, 11
            
            INFOR. MUESTRA (RACK, TUBO, VOLUMEN)
            3, 3, 80
            INFOR. REACTIVO1 Y 2 (RACK, TUBO, VOLUMEN)
            R1: 2, 6, 1920
            R2: 2, 7, 480
            TrPreparacion completa:
            (1/2) FI, IP, TIPO, DP, SR, SRT, ST, SV, RR1, RRT1, RT1
            1, 41, 1, 1, 3, 2, 3, 80, 2, 1, 6
            (2/2) RV1, RR2, RRT2, RT2, RV2, DC, F1, F2, CV, LN, IDT
            1920, 2, 1, 7, 480, 5, 4, 4, 9549, 17, 36
            
12:31:02 p.m.: IDPREPARACION, IDMUESTRA, IDTECNICA, IDREPLICADO, IDCALIBRADOR, TIPOTRAMA
            42, 8, 5, 1, 1, 11
            
            INFOR. MUESTRA (RACK, TUBO, VOLUMEN)
            3, 3, 32
            INFOR. REACTIVO1 Y 2 (RACK, TUBO, VOLUMEN)
            R1: 2, 8, 2400
            R2: 0, 0, 0
            TrPreparacion completa:
            (1/2) FI, IP, TIPO, DP, SR, SRT, ST, SV, RR1, RRT1, RT1
            1, 42, 1, 1, 3, 2, 3, 32, 2, 1, 8
            (2/2) RV1, RR2, RRT2, RT2, RV2, DC, F1, F2, CV, LN, IDT
            2400, 0, 0, 0, 0, 0, 8, 4, 9549, 14, 76
            
12:31:26 p.m.: IDPREPARACION, IDMUESTRA, IDTECNICA, IDREPLICADO, IDCALIBRADOR, TIPOTRAMA
            43, 9, 1, 1, 1, 11
            
            INFOR. MUESTRA (RACK, TUBO, VOLUMEN)
            3, 4, 24
            INFOR. REACTIVO1 Y 2 (RACK, TUBO, VOLUMEN)
            R1: 2, 3, 2400
            R2: 0, 0, 0
            TrPreparacion completa:
            (1/2) FI, IP, TIPO, DP, SR, SRT, ST, SV, RR1, RRT1, RT1
            1, 43, 1, 1, 3, 2, 4, 24, 2, 1, 3
            (2/2) RV1, RR2, RRT2, RT2, RV2, DC, F1, F2, CV, LN, IDT
            2400, 0, 0, 0, 0, 0, 8, 3, 9549, 26, 44
            
12:32:31 p.m.: IDPREPARACION, IDMUESTRA, IDTECNICA, IDREPLICADO, IDCALIBRADOR, TIPOTRAMA
            44, 9, 2, 1, 1, 11
            
            INFOR. MUESTRA (RACK, TUBO, VOLUMEN)
            3, 4, 48
            INFOR. REACTIVO1 Y 2 (RACK, TUBO, VOLUMEN)
            R1: 2, 4, 1920
            R2: 2, 5, 480
            TrPreparacion completa:
            (1/2) FI, IP, TIPO, DP, SR, SRT, ST, SV, RR1, RRT1, RT1
            1, 44, 1, 1, 3, 2, 4, 48, 2, 1, 4
            (2/2) RV1, RR2, RRT2, RT2, RV2, DC, F1, F2, CV, LN, IDT
            1920, 2, 1, 5, 480, 7, 4, 8, 9549, 19, 33
            
12:33:02 p.m.: IDPREPARACION, IDMUESTRA, IDTECNICA, IDREPLICADO, IDCALIBRADOR, TIPOTRAMA
            45, 9, 3, 1, 1, 11
            
            INFOR. MUESTRA (RACK, TUBO, VOLUMEN)
            3, 4, 239
            INFOR. REACTIVO1 Y 2 (RACK, TUBO, VOLUMEN)
            R1: 2, 9, 1195
            R2: 2, 10, 1195
            TrPreparacion completa:
            (1/2) FI, IP, TIPO, DP, SR, SRT, ST, SV, RR1, RRT1, RT1
            1, 45, 1, 1, 3, 2, 4, 239, 2, 1, 9
            (2/2) RV1, RR2, RRT2, RT2, RV2, DC, F1, F2, CV, LN, IDT
            1195, 2, 1, 10, 1195, 13, 3, 3, 9549, 18, 55
            
12:33:26 p.m.: IDPREPARACION, IDMUESTRA, IDTECNICA, IDREPLICADO, IDCALIBRADOR, TIPOTRAMA
            46, 9, 4, 1, 1, 11
            
            INFOR. MUESTRA (RACK, TUBO, VOLUMEN)
            3, 4, 80
            INFOR. REACTIVO1 Y 2 (RACK, TUBO, VOLUMEN)
            R1: 2, 6, 1920
            R2: 2, 7, 480
            TrPreparacion completa:
            (1/2) FI, IP, TIPO, DP, SR, SRT, ST, SV, RR1, RRT1, RT1
            1, 46, 1, 1, 3, 2, 4, 80, 2, 1, 6
            (2/2) RV1, RR2, RRT2, RT2, RV2, DC, F1, F2, CV, LN, IDT
            1920, 2, 1, 7, 480, 5, 4, 4, 9549, 17, 36
            
12:33:27 p.m.: PREPARACION ABORTADA : 46
            
12:33:45 p.m.: IDPREPARACION, IDMUESTRA, IDTECNICA, IDREPLICADO, IDCALIBRADOR, TIPOTRAMA
            46, 9, 4, 1, 1, 11
            
            INFOR. MUESTRA (RACK, TUBO, VOLUMEN)
            3, 4, 80
            INFOR. REACTIVO1 Y 2 (RACK, TUBO, VOLUMEN)
            R1: 2, 6, 1920
            R2: 2, 7, 480
            TrPreparacion completa:
            (1/2) FI, IP, TIPO, DP, SR, SRT, ST, SV, RR1, RRT1, RT1
            1, 46, 1, 1, 3, 2, 4, 80, 2, 1, 6
            (2/2) RV1, RR2, RRT2, RT2, RV2, DC, F1, F2, CV, LN, IDT
            1920, 2, 1, 7, 480, 5, 4, 4, 9549, 17, 36
            
12:34:14 p.m.: IDPREPARACION, IDMUESTRA, IDTECNICA, IDREPLICADO, IDCALIBRADOR, TIPOTRAMA
            47, 9, 5, 1, 1, 11
            
            INFOR. MUESTRA (RACK, TUBO, VOLUMEN)
            3, 4, 32
            INFOR. REACTIVO1 Y 2 (RACK, TUBO, VOLUMEN)
            R1: 2, 8, 2400
            R2: 0, 0, 0
            TrPreparacion completa:
            (1/2) FI, IP, TIPO, DP, SR, SRT, ST, SV, RR1, RRT1, RT1
            1, 47, 1, 1, 3, 2, 4, 32, 2, 1, 8
            (2/2) RV1, RR2, RRT2, RT2, RV2, DC, F1, F2, CV, LN, IDT
            2400, 0, 0, 0, 0, 0, 8, 4, 9549, 14, 76
            
12:35:44 p.m.: IDPREPARACION, IDMUESTRA, IDTECNICA, IDREPLICADO, IDCALIBRADOR, TIPOTRAMA
            48, 10, 1, 1, 1, 11
            
            INFOR. MUESTRA (RACK, TUBO, VOLUMEN)
            3, 5, 24
            INFOR. REACTIVO1 Y 2 (RACK, TUBO, VOLUMEN)
            R1: 2, 3, 2400
            R2: 0, 0, 0
            TrPreparacion completa:
            (1/2) FI, IP, TIPO, DP, SR, SRT, ST, SV, RR1, RRT1, RT1
            1, 48, 1, 1, 3, 2, 5, 24, 2, 1, 3
            (2/2) RV1, RR2, RRT2, RT2, RV2, DC, F1, F2, CV, LN, IDT
            2400, 0, 0, 0, 0, 0, 8, 3, 9549, 26, 44
            
12:36:14 p.m.: IDPREPARACION, IDMUESTRA, IDTECNICA, IDREPLICADO, IDCALIBRADOR, TIPOTRAMA
            49, 10, 2, 1, 1, 11
            
            INFOR. MUESTRA (RACK, TUBO, VOLUMEN)
            3, 5, 48
            INFOR. REACTIVO1 Y 2 (RACK, TUBO, VOLUMEN)
            R1: 2, 4, 1920
            R2: 2, 5, 480
            TrPreparacion completa:
            (1/2) FI, IP, TIPO, DP, SR, SRT, ST, SV, RR1, RRT1, RT1
            1, 49, 1, 1, 3, 2, 5, 48, 2, 1, 4
            (2/2) RV1, RR2, RRT2, RT2, RV2, DC, F1, F2, CV, LN, IDT
            1920, 2, 1, 5, 480, 7, 4, 8, 9549, 19, 33
            
12:36:38 p.m.: IDPREPARACION, IDMUESTRA, IDTECNICA, IDREPLICADO, IDCALIBRADOR, TIPOTRAMA
            50, 10, 3, 1, 1, 11
            
            INFOR. MUESTRA (RACK, TUBO, VOLUMEN)
            3, 5, 239
            INFOR. REACTIVO1 Y 2 (RACK, TUBO, VOLUMEN)
            R1: 2, 9, 1195
            R2: 2, 10, 1195
            TrPreparacion completa:
            (1/2) FI, IP, TIPO, DP, SR, SRT, ST, SV, RR1, RRT1, RT1
            1, 50, 1, 1, 3, 2, 5, 239, 2, 1, 9
            (2/2) RV1, RR2, RRT2, RT2, RV2, DC, F1, F2, CV, LN, IDT
            1195, 2, 1, 10, 1195, 13, 3, 3, 9549, 18, 55
            
12:37:03 p.m.: IDPREPARACION, IDMUESTRA, IDTECNICA, IDREPLICADO, IDCALIBRADOR, TIPOTRAMA
            51, 10, 4, 1, 1, 11
            
            INFOR. MUESTRA (RACK, TUBO, VOLUMEN)
            3, 5, 80
            INFOR. REACTIVO1 Y 2 (RACK, TUBO, VOLUMEN)
            R1: 2, 6, 1920
            R2: 2, 7, 480
            TrPreparacion completa:
            (1/2) FI, IP, TIPO, DP, SR, SRT, ST, SV, RR1, RRT1, RT1
            1, 51, 1, 1, 3, 2, 5, 80, 2, 1, 6
            (2/2) RV1, RR2, RRT2, RT2, RV2, DC, F1, F2, CV, LN, IDT
            1920, 2, 1, 7, 480, 5, 4, 4, 9549, 17, 36
            
12:37:03 p.m.: PREPARACION ABORTADA : 51
            
12:37:21 p.m.: IDPREPARACION, IDMUESTRA, IDTECNICA, IDREPLICADO, IDCALIBRADOR, TIPOTRAMA
            51, 10, 4, 1, 1, 11
            
            INFOR. MUESTRA (RACK, TUBO, VOLUMEN)
            3, 5, 80
            INFOR. REACTIVO1 Y 2 (RACK, TUBO, VOLUMEN)
            R1: 2, 6, 1920
            R2: 2, 7, 480
            TrPreparacion completa:
            (1/2) FI, IP, TIPO, DP, SR, SRT, ST, SV, RR1, RRT1, RT1
            1, 51, 1, 1, 3, 2, 5, 80, 2, 1, 6
            (2/2) RV1, RR2, RRT2, RT2, RV2, DC, F1, F2, CV, LN, IDT
            1920, 2, 1, 7, 480, 5, 4, 4, 9549, 17, 36
            
12:38:08 p.m.: IDPREPARACION, IDMUESTRA, IDTECNICA, IDREPLICADO, IDCALIBRADOR, TIPOTRAMA
            52, 10, 5, 1, 1, 11
            
            INFOR. MUESTRA (RACK, TUBO, VOLUMEN)
            3, 5, 32
            INFOR. REACTIVO1 Y 2 (RACK, TUBO, VOLUMEN)
            R1: 2, 8, 2400
            R2: 0, 0, 0
            TrPreparacion completa:
            (1/2) FI, IP, TIPO, DP, SR, SRT, ST, SV, RR1, RRT1, RT1
            1, 52, 1, 1, 3, 2, 5, 32, 2, 1, 8
            (2/2) RV1, RR2, RRT2, RT2, RV2, DC, F1, F2, CV, LN, IDT
            2400, 0, 0, 0, 0, 0, 8, 4, 9549, 14, 76
            
12:39:20 p.m.: IDPREPARACION, IDMUESTRA, IDTECNICA, IDREPLICADO, IDCALIBRADOR, TIPOTRAMA
            53, 11, 1, 1, 1, 11
            
            INFOR. MUESTRA (RACK, TUBO, VOLUMEN)
            3, 6, 24
            INFOR. REACTIVO1 Y 2 (RACK, TUBO, VOLUMEN)
            R1: 2, 3, 2400
            R2: 0, 0, 0
            TrPreparacion completa:
            (1/2) FI, IP, TIPO, DP, SR, SRT, ST, SV, RR1, RRT1, RT1
            1, 53, 1, 1, 3, 2, 6, 24, 2, 1, 3
            (2/2) RV1, RR2, RRT2, RT2, RV2, DC, F1, F2, CV, LN, IDT
            2400, 0, 0, 0, 0, 0, 8, 3, 9549, 26, 44
            
12:39:51 p.m.: IDPREPARACION, IDMUESTRA, IDTECNICA, IDREPLICADO, IDCALIBRADOR, TIPOTRAMA
            54, 11, 2, 1, 1, 11
            
            INFOR. MUESTRA (RACK, TUBO, VOLUMEN)
            3, 6, 48
            INFOR. REACTIVO1 Y 2 (RACK, TUBO, VOLUMEN)
            R1: 2, 4, 1920
            R2: 2, 5, 480
            TrPreparacion completa:
            (1/2) FI, IP, TIPO, DP, SR, SRT, ST, SV, RR1, RRT1, RT1
            1, 54, 1, 1, 3, 2, 6, 48, 2, 1, 4
            (2/2) RV1, RR2, RRT2, RT2, RV2, DC, F1, F2, CV, LN, IDT
            1920, 2, 1, 5, 480, 7, 4, 8, 9549, 19, 33
            
12:40:15 p.m.: IDPREPARACION, IDMUESTRA, IDTECNICA, IDREPLICADO, IDCALIBRADOR, TIPOTRAMA
            55, 11, 3, 1, 1, 11
            
            INFOR. MUESTRA (RACK, TUBO, VOLUMEN)
            3, 6, 239
            INFOR. REACTIVO1 Y 2 (RACK, TUBO, VOLUMEN)
            R1: 2, 9, 1195
            R2: 2, 10, 1195
            TrPreparacion completa:
            (1/2) FI, IP, TIPO, DP, SR, SRT, ST, SV, RR1, RRT1, RT1
            1, 55, 1, 1, 3, 2, 6, 239, 2, 1, 9
            (2/2) RV1, RR2, RRT2, RT2, RV2, DC, F1, F2, CV, LN, IDT
            1195, 2, 1, 10, 1195, 13, 3, 3, 9549, 18, 55
            
12:40:39 p.m.: IDPREPARACION, IDMUESTRA, IDTECNICA, IDREPLICADO, IDCALIBRADOR, TIPOTRAMA
            56, 11, 4, 1, 1, 11
            
            INFOR. MUESTRA (RACK, TUBO, VOLUMEN)
            3, 6, 80
            INFOR. REACTIVO1 Y 2 (RACK, TUBO, VOLUMEN)
            R1: 2, 6, 1920
            R2: 2, 7, 480
            TrPreparacion completa:
            (1/2) FI, IP, TIPO, DP, SR, SRT, ST, SV, RR1, RRT1, RT1
            1, 56, 1, 1, 3, 2, 6, 80, 2, 1, 6
            (2/2) RV1, RR2, RRT2, RT2, RV2, DC, F1, F2, CV, LN, IDT
            1920, 2, 1, 7, 480, 5, 4, 4, 9549, 17, 36
            
12:40:39 p.m.: PREPARACION ABORTADA : 56
            
12:40:57 p.m.: IDPREPARACION, IDMUESTRA, IDTECNICA, IDREPLICADO, IDCALIBRADOR, TIPOTRAMA
            56, 11, 4, 1, 1, 11
            
            INFOR. MUESTRA (RACK, TUBO, VOLUMEN)
            3, 6, 80
            INFOR. REACTIVO1 Y 2 (RACK, TUBO, VOLUMEN)
            R1: 2, 6, 1920
            R2: 2, 7, 480
            TrPreparacion completa:
            (1/2) FI, IP, TIPO, DP, SR, SRT, ST, SV, RR1, RRT1, RT1
            1, 56, 1, 1, 3, 2, 6, 80, 2, 1, 6
            (2/2) RV1, RR2, RRT2, RT2, RV2, DC, F1, F2, CV, LN, IDT
            1920, 2, 1, 7, 480, 5, 4, 4, 9549, 17, 36
            
12:41:44 p.m.: IDPREPARACION, IDMUESTRA, IDTECNICA, IDREPLICADO, IDCALIBRADOR, TIPOTRAMA
            57, 11, 5, 1, 1, 11
            
            INFOR. MUESTRA (RACK, TUBO, VOLUMEN)
            3, 6, 32
            INFOR. REACTIVO1 Y 2 (RACK, TUBO, VOLUMEN)
            R1: 2, 8, 2400
            R2: 0, 0, 0
            TrPreparacion completa:
            (1/2) FI, IP, TIPO, DP, SR, SRT, ST, SV, RR1, RRT1, RT1
            1, 57, 1, 1, 3, 2, 6, 32, 2, 1, 8
            (2/2) RV1, RR2, RRT2, RT2, RV2, DC, F1, F2, CV, LN, IDT
            2400, 0, 0, 0, 0, 0, 8, 4, 9549, 14, 76
            
12:47:56 p.m.: IDPREPARACION, IDMUESTRA, IDTECNICA, IDREPLICADO, IDCALIBRADOR, TIPOTRAMA
            58, 12, 1, 1, 1, 11
            
            INFOR. MUESTRA (RACK, TUBO, VOLUMEN)
            3, 3, 48
            INFOR. REACTIVO1 Y 2 (RACK, TUBO, VOLUMEN)
            R1: 2, 4, 1920
            R2: 2, 5, 480
            TrPreparacion completa:
            (1/2) FI, IP, TIPO, DP, SR, SRT, ST, SV, RR1, RRT1, RT1
            1, 58, 1, 1, 3, 2, 3, 48, 2, 1, 4
            (2/2) RV1, RR2, RRT2, RT2, RV2, DC, F1, F2, CV, LN, IDT
            1920, 2, 1, 5, 480, 7, 4, 8, 9549, 19, 33
            
01:08:18 p.m.: IDPREPARACION, IDMUESTRA, IDTECNICA, IDREPLICADO, IDCALIBRADOR, TIPOTRAMA
            59, 13, 1, 1, 1, 11
            
            INFOR. MUESTRA (RACK, TUBO, VOLUMEN)
            3, 3, 80
            INFOR. REACTIVO1 Y 2 (RACK, TUBO, VOLUMEN)
            R1: 2, 6, 1920
            R2: 2, 7, 480
            TrPreparacion completa:
            (1/2) FI, IP, TIPO, DP, SR, SRT, ST, SV, RR1, RRT1, RT1
            1, 59, 1, 1, 3, 2, 3, 80, 2, 1, 6
            (2/2) RV1, RR2, RRT2, RT2, RV2, DC, F1, F2, CV, LN, IDT
            1920, 2, 1, 7, 480, 5, 4, 4, 9549, 17, 36
            
01:08:40 p.m.: IDPREPARACION, IDMUESTRA, IDTECNICA, IDREPLICADO, IDCALIBRADOR, TIPOTRAMA
            60, 14, 1, 1, 1, 11
            
            INFOR. MUESTRA (RACK, TUBO, VOLUMEN)
            3, 3, 239
            INFOR. REACTIVO1 Y 2 (RACK, TUBO, VOLUMEN)
            R1: 2, 9, 1195
            R2: 2, 10, 1195
            TrPreparacion completa:
            (1/2) FI, IP, TIPO, DP, SR, SRT, ST, SV, RR1, RRT1, RT1
            1, 60, 1, 1, 3, 2, 3, 239, 2, 1, 9
            (2/2) RV1, RR2, RRT2, RT2, RV2, DC, F1, F2, CV, LN, IDT
            1195, 2, 1, 10, 1195, 13, 3, 3, 9549, 18, 55
            
01:09:04 p.m.: IDPREPARACION, IDMUESTRA, IDTECNICA, IDREPLICADO, IDCALIBRADOR, TIPOTRAMA
            61, 15, 1, 1, 1, 11
            
            INFOR. MUESTRA (RACK, TUBO, VOLUMEN)
            3, 3, 24
            INFOR. REACTIVO1 Y 2 (RACK, TUBO, VOLUMEN)
            R1: 2, 3, 2400
            R2: 0, 0, 0
            TrPreparacion completa:
            (1/2) FI, IP, TIPO, DP, SR, SRT, ST, SV, RR1, RRT1, RT1
            1, 61, 1, 1, 3, 2, 3, 24, 2, 1, 3
            (2/2) RV1, RR2, RRT2, RT2, RV2, DC, F1, F2, CV, LN, IDT
            2400, 0, 0, 0, 0, 0, 8, 3, 9549, 26, 44
            
01:09:28 p.m.: IDPREPARACION, IDMUESTRA, IDTECNICA, IDREPLICADO, IDCALIBRADOR, TIPOTRAMA
            62, 16, 1, 1, 1, 11
            
            INFOR. MUESTRA (RACK, TUBO, VOLUMEN)
            3, 3, 32
            INFOR. REACTIVO1 Y 2 (RACK, TUBO, VOLUMEN)
            R1: 2, 8, 2400
            R2: 0, 0, 0
            TrPreparacion completa:
            (1/2) FI, IP, TIPO, DP, SR, SRT, ST, SV, RR1, RRT1, RT1
            1, 62, 1, 1, 3, 2, 3, 32, 2, 1, 8
            (2/2) RV1, RR2, RRT2, RT2, RV2, DC, F1, F2, CV, LN, IDT
            2400, 0, 0, 0, 0, 0, 8, 4, 9549, 14, 76
            
01:10:10 p.m.: IDPREPARACION, IDMUESTRA, IDTECNICA, IDREPLICADO, IDCALIBRADOR, TIPOTRAMA
            63, 17, 1, 1, 1, 11
            
            INFOR. MUESTRA (RACK, TUBO, VOLUMEN)
            3, 4, 32
            INFOR. REACTIVO1 Y 2 (RACK, TUBO, VOLUMEN)
            R1: 2, 8, 2400
            R2: 0, 0, 0
            TrPreparacion completa:
            (1/2) FI, IP, TIPO, DP, SR, SRT, ST, SV, RR1, RRT1, RT1
            1, 63, 1, 1, 3, 2, 4, 32, 2, 1, 8
            (2/2) RV1, RR2, RRT2, RT2, RV2, DC, F1, F2, CV, LN, IDT
            2400, 0, 0, 0, 0, 0, 8, 4, 9549, 14, 76
            
Open file: 14/01/2026
Open file: 14/05/2026
Open file: 14/05/2026
Open file: 14/05/2026
Open file: 15/05/2026
Open file: 15/05/2026
