Open file: 16/10/2025
10:03:58 a.m.: Formato Trama: Fi, IdPrep, DecaladoBir, N Lectura, N Cuentas, N Pocillo, IdPrep, DecaladoBir, N Lectura, N Cuentas, N Pocillo,...
10:10:34 a.m.: TrStatus --> 12,4,5,95,43.8,37.0,111111,0,0,0,0,81,0,0,0,0,0,2,1,1201,0,0,0,0,0,0,0,3,0,0,0,0,0
10:11:33 a.m.: TrStatus --> 12,4,5,95,41.0,37.0,111111,0,0,0,0,81,0,0,0,0,0,2,1,706,0,0,0,0,0,0,0,3,6,0,0,0,0
10:11:47 a.m.: TrStatus --> 12,4,5,95,41.0,37.0,111111,0,0,0,0,82,0,0,0,0,0,2,1,706,0,0,0,0,0,0,0,3,6,0,0,0,0
10:14:30 a.m.: TrStatus --> 12,4,5,95,41.0,37.0,111111,0,0,0,0,82,0,0,0,0,0,2,1,719,0,0,0,0,0,0,0,3,7,0,0,0,0
10:14:54 a.m.: TrStatus --> 12,4,5,95,41.0,37.0,111111,0,0,1,0,83,0,0,0,0,0,2,1,715,0,0,0,0,0,0,0,3,7,0,0,0,0
10:15:01 a.m.: TrResults --> 11,1,0,0,834195,83
10:15:18 a.m.: TrStatus --> 12,4,5,95,41.0,37.0,111111,0,0,1,0,84,0,0,0,0,0,2,1,716,0,0,0,0,0,0,0,3,7,0,0,0,0
10:15:25 a.m.: TrResults --> 11,1,0,1,810849,83,2,0,0,782850,84
10:15:42 a.m.: TrStatus --> 12,4,5,95,41.0,37.0,111111,0,0,1,0,85,0,0,0,0,0,2,1,718,0,0,0,0,0,0,0,3,7,0,0,0,0
10:15:49 a.m.: TrResults --> 11,1,0,2,896268,83,2,0,1,809417,84,3,0,0,821096,85
10:16:06 a.m.: TrStatus --> 12,4,5,95,41.0,37.0,111111,0,0,1,0,86,0,0,0,0,0,2,1,717,0,0,0,0,0,0,0,3,7,0,0,0,0
10:16:13 a.m.: TrResults --> 11,1,0,3,811898,83,2,0,2,893131,84,3,0,1,808723,85,4,0,0,784822,86
10:16:30 a.m.: TrStatus --> 12,4,5,95,41.0,37.0,111111,0,0,1,0,87,0,0,0,0,0,2,1,718,0,0,0,0,0,0,0,3,7,0,0,0,0
10:16:37 a.m.: TrResults --> 11,1,0,4,896219,83,2,0,3,808873,84,3,0,2,892405,85,4,0,1,892999,86,5,0,0,785068,87
10:16:54 a.m.: TrStatus --> 12,4,5,95,41.0,37.0,111111,0,0,1,0,88,0,0,0,0,0,2,1,716,0,0,0,0,0,0,0,3,7,0,0,0,0
10:17:01 a.m.: TrResults --> 11,1,0,5,811853,83,2,0,4,893201,84,3,0,3,808788,85,4,0,2,896812,86,5,0,1,895482,87,6,0,0,778970,88
10:17:18 a.m.: TrStatus --> 12,4,5,95,41.0,37.0,111111,0,0,1,0,89,0,0,0,0,0,2,1,718,0,0,0,0,0,0,0,3,7,0,0,0,0
10:17:25 a.m.: TrResults --> 11,1,0,6,896218,83,2,0,5,808814,84,3,0,4,892505,85,4,0,3,892889,86,5,0,2,898692,87,6,0,1,892391,88,7,0,0,752354,89
10:17:42 a.m.: TrStatus --> 12,4,5,95,41.0,37.0,111111,0,0,1,0,90,0,0,0,0,0,2,1,716,0,0,0,0,0,0,0,3,7,0,0,0,0
10:17:49 a.m.: TrResults --> 11,1,0,7,811794,83,2,0,6,893240,84,3,0,5,808925,85,4,0,4,896834,86,5,0,3,895439,87,6,0,2,896077,88,7,0,1,891075,89,8,0,0,697429,90
10:17:59 a.m.: TrStatus --> 12,4,5,95,41.0,37.0,111111,0,0,1,0,91,0,0,0,0,0,2,5,1009,0,0,0,0,0,0,0,3,8,0,0,0,0
10:18:13 a.m.: TrResults --> 11,1,0,8,896182,83,2,0,7,808854,84,3,0,6,892658,85,4,0,5,893017,86,5,0,4,898540,87,6,0,3,892214,88,7,0,2,891225,89,8,0,1,887065,90,9,0,0,814905,91
10:18:23 a.m.: TrStatus --> 12,4,5,95,41.0,37.0,111111,0,0,1,0,91,0,0,0,0,0,2,5,1010,0,0,0,0,0,0,0,3,8,0,0,0,0
10:18:37 a.m.: TrResults --> 11,1,0,9,811883,83,2,0,8,893343,84,3,0,7,808937,85,4,0,6,871204,86,5,0,5,895161,87,6,0,4,896105,88,7,0,3,891313,89,8,0,2,888612,90,9,0,1,890067,91
10:18:47 a.m.: TrStatus --> 12,4,5,95,41.0,37.0,111111,0,0,1,0,91,0,0,0,0,0,2,5,1014,0,0,0,0,0,0,0,3,8,0,0,0,0
10:19:01 a.m.: TrResults --> 11,1,0,10,896127,83,2,0,9,809039,84,3,0,8,892752,85,4,0,7,893464,86,5,0,6,871001,87,6,0,5,892200,88,7,0,4,891404,89,8,0,3,888470,90,9,0,2,889339,91
10:19:18 a.m.: TrStatus --> 12,4,5,95,41.0,37.0,111111,0,0,1,0,91,0,0,0,0,0,2,1,721,0,0,0,0,0,0,0,3,7,0,0,0,0
10:19:25 a.m.: TrResults --> 11,1,0,11,811387,83,2,0,10,893378,84,3,0,9,809077,85,4,0,8,893611,86,5,0,7,895261,87,6,0,6,881784,88,7,0,5,891494,89,8,0,4,888406,90,9,0,3,889280,91
10:19:42 a.m.: TrStatus --> 12,4,5,95,41.0,37.0,111111,0,0,1,0,92,0,0,0,0,0,2,1,717,0,0,0,0,0,0,0,3,7,0,0,0,0
10:19:45 a.m.: TrStatus --> 12,4,5,95,41.0,37.0,111111,0,0,1,0,92,0,0,0,0,12,2,1,717,0,0,0,0,0,0,0,3,7,0,0,0,0
10:19:49 a.m.: TrResults --> 11,1,0,12,896113,83,2,0,11,808933,84,3,0,10,892697,85,4,0,9,893313,86,5,0,8,897002,87,6,0,7,892607,88,7,0,6,891392,89,8,0,5,888376,90,9,0,4,889056,91,10,0,0,843609,92
10:20:01 a.m.: TrStatus --> 12,4,5,95,41.0,37.0,111111,0,0,1,0,93,0,0,0,0,0,2,1,717,0,0,0,0,0,0,0,3,11,0,0,0,0
10:20:04 a.m.: TrStatus --> 12,4,5,95,41.0,37.0,111111,0,0,1,0,93,0,0,0,0,12,2,1,717,0,0,0,0,0,0,0,3,11,0,0,0,0
10:20:10 a.m.: TrStatus --> 12,4,5,95,41.0,37.0,111111,0,0,1,0,93,0,0,0,0,0,2,1,717,0,0,0,0,0,0,0,3,11,0,0,0,0
10:20:13 a.m.: TrResults --> 11,1,0,13,811687,83,2,0,12,893338,84,3,0,11,808961,85,4,0,10,894532,86,5,0,9,895826,87,6,0,8,894830,88,7,0,7,891619,89,8,0,6,888315,90,9,0,5,889113,91,10,0,1,900485,92,11,0,0,862970,93
10:20:25 a.m.: TrStatus --> 12,4,5,95,41.0,37.0,111111,0,0,1,0,93,0,0,0,0,0,2,1,717,0,0,0,0,0,0,0,3,11,0,0,0,0
10:20:34 a.m.: TrStatus --> 12,4,5,95,41.0,37.0,111111,0,0,1,0,93,0,0,0,0,0,2,1,717,0,0,0,0,0,0,0,3,11,0,0,0,0
10:20:37 a.m.: TrResults --> 11,1,0,14,896109,83,2,0,13,809008,84,3,0,12,892767,85,4,0,11,892806,86,5,0,10,896079,87,6,0,9,892790,88,7,0,8,891745,89,8,0,7,888236,90,9,0,6,888949,91,10,0,2,900120,92,11,0,1,899929,93
10:20:47 a.m.: TrStatus --> 12,4,5,95,41.0,37.0,111111,0,0,1,0,93,0,0,0,0,0,2,7,1004,0,0,0,0,0,0,0,3,8,0,0,0,0
10:21:01 a.m.: TrResults --> 11,1,0,15,811791,83,2,0,14,893618,84,3,0,13,809073,85,4,0,12,893838,86,5,0,11,895325,87,6,0,10,893663,88,7,0,9,891706,89,8,0,8,888187,90,9,0,7,889082,91,10,0,3,900127,92,11,0,2,899703,93
10:21:11 a.m.: TrStatus --> 12,4,5,95,41.0,37.0,111111,0,0,1,0,93,0,0,0,0,0,2,7,1006,0,0,0,0,0,0,0,3,8,0,0,0,0
10:21:25 a.m.: TrResults --> 11,1,0,16,896132,83,2,0,15,809053,84,3,0,14,892809,85,4,0,13,892340,86,5,0,12,896153,87,6,0,11,892684,88,7,0,10,891401,89,8,0,9,888344,90,9,0,8,888958,91,10,0,4,884056,92,11,0,3,899610,93
10:21:35 a.m.: TrStatus --> 12,4,5,95,41.0,37.0,111111,0,0,1,0,93,0,0,0,0,0,2,10,566,0,0,0,0,0,0,0,3,8,0,0,0,0
10:21:49 a.m.: TrResults --> 11,1,0,17,811758,83,2,0,16,893616,84,3,0,15,808987,85,4,0,14,893585,86,5,0,13,895325,87,6,0,12,894289,88,7,0,11,891368,89,8,0,10,888339,90,9,0,9,889208,91,10,0,5,897176,92,11,0,4,881893,93
10:21:59 a.m.: TrStatus --> 12,4,5,95,41.0,37.0,111111,0,0,1,0,93,0,0,0,0,0,2,10,568,0,0,0,0,0,0,0,3,8,0,0,0,0
10:22:13 a.m.: TrResults --> 11,1,0,18,896255,83,2,0,17,808937,84,3,0,16,892922,85,4,0,15,892258,86,5,0,14,895928,87,6,0,13,892620,88,7,0,12,737763,89,8,0,11,888196,90,9,0,10,888960,91,10,0,6,896930,92,11,0,5,897524,93
10:22:23 a.m.: TrStatus --> 12,4,5,95,41.0,37.0,111111,0,0,1,0,93,0,0,0,0,0,2,10,571,0,0,0,0,0,0,0,3,8,0,0,0,0
10:22:37 a.m.: TrResults --> 11,1,0,19,811768,83,2,0,18,893546,84,3,0,17,809051,85,4,0,16,893780,86,5,0,15,895017,87,6,0,14,893207,88,7,0,13,762985,89,8,0,12,734587,90,9,0,11,889074,91,10,0,7,897292,92,11,0,6,897379,93
10:22:55 a.m.: TrStatus --> 12,4,5,95,41.0,37.0,111111,0,0,1,0,93,0,0,0,0,0,2,1,722,0,0,0,0,0,0,0,3,7,0,0,0,0
10:23:01 a.m.: TrResults --> 11,1,0,20,896223,83,2,0,19,808897,84,3,0,18,892895,85,4,0,17,892390,86,5,0,16,895503,87,6,0,15,891461,88,7,0,14,758367,89,8,0,13,759695,90,9,0,12,739442,91,10,0,8,897449,92,11,0,7,897778,93
10:23:19 a.m.: TrStatus --> 12,4,5,95,41.0,37.0,111111,0,0,1,0,94,0,0,0,0,0,2,1,718,0,0,0,0,0,0,0,3,7,0,0,0,0
10:23:26 a.m.: TrResults --> 11,1,0,21,811855,83,2,0,20,893513,84,3,0,19,809163,85,4,0,18,893741,86,5,0,17,894913,87,6,0,16,892935,88,7,0,15,754651,89,8,0,14,755784,90,9,0,13,762118,91,10,0,9,897603,92,11,0,8,897658,93,12,0,0,826509,94
10:23:43 a.m.: TrStatus --> 12,4,5,95,41.0,37.0,111111,0,0,1,0,95,0,0,0,0,0,2,1,719,0,0,0,0,0,0,0,3,7,0,0,0,0
10:23:50 a.m.: TrResults --> 11,1,0,22,896283,83,2,0,21,808974,84,3,0,20,892996,85,4,0,19,892450,86,5,0,18,895502,87,6,0,17,891795,88,7,0,16,750755,89,8,0,15,751685,90,9,0,14,757926,91,10,0,10,897362,92,11,0,9,897858,93,12,0,1,887844,94,13,0,0,599735,95
10:24:07 a.m.: TrStatus --> 12,4,5,95,41.0,37.0,111111,0,0,1,0,96,0,0,0,0,0,2,1,718,0,0,0,0,0,0,0,3,7,0,0,0,0
10:24:14 a.m.: TrResults --> 11,1,0,23,811845,83,2,0,22,893576,84,3,0,21,809292,85,4,0,20,893741,86,5,0,19,894918,87,6,0,18,893417,88,7,0,17,746853,89,8,0,16,748042,90,9,0,15,753706,91,10,0,11,897906,92,11,0,10,897289,93,12,0,2,887802,94,13,0,1,788865,95,14,0,0,624406,96
10:24:23 a.m.: TrStatus --> 12,4,5,95,41.0,37.0,111111,0,0,1,0,97,0,0,0,0,0,2,7,1006,0,0,0,0,0,0,0,3,8,0,0,0,0
10:24:38 a.m.: TrResults --> 11,1,0,24,896167,83,2,0,23,808881,84,3,0,22,893209,85,4,0,21,892634,86,5,0,20,895561,87,6,0,19,892354,88,7,0,18,743518,89,8,0,17,744148,90,9,0,16,749642,91,10,0,12,897929,92,11,0,11,897590,93,12,0,3,886591,94,13,0,2,715901,95,14,0,1,788085,96,15,0,0,617051,97
10:24:55 a.m.: TrStatus --> 12,4,5,95,41.0,37.0,111111,0,0,1,0,97,0,0,0,0,0,3,1,709,0,0,0,0,0,0,0,3,7,0,0,0,0
10:25:02 a.m.: TrResults --> 11,1,0,25,811811,83,2,0,24,893540,84,3,0,23,809316,85,4,0,22,893901,86,5,0,21,895034,87,6,0,20,893635,88,7,0,19,740227,89,8,0,18,740678,90,9,0,17,745925,91,10,0,13,897791,92,11,0,12,897416,93,12,0,4,867799,94,13,0,3,793739,95,14,0,2,714277,96,15,0,1,783434,97
10:25:19 a.m.: TrStatus --> 12,4,5,95,41.0,37.0,111111,0,0,1,0,98,0,0,0,0,0,3,1,708,0,0,0,0,0,0,0,3,7,0,0,0,0
10:25:26 a.m.: TrResults --> 11,2,0,25,808930,84,3,0,24,893184,85,4,0,23,892676,86,5,0,22,895393,87,6,0,21,892440,88,7,0,20,737423,89,8,0,19,737396,90,9,0,18,742472,91,10,0,14,897730,92,11,0,13,897538,93,12,0,5,885724,94,13,0,4,716081,95,14,0,3,790254,96,15,0,2,713014,97,16,0,0,829457,98
10:25:43 a.m.: TrStatus --> 12,4,5,95,41.0,37.0,111111,0,0,1,0,99,0,0,0,0,0,3,1,706,0,0,0,0,0,0,0,3,7,0,0,0,0
10:25:50 a.m.: TrResults --> 11,3,0,25,809353,85,4,0,24,893903,86,5,0,23,894824,87,6,0,22,893851,88,7,0,21,734616,89,8,0,20,734419,90,9,0,19,739034,91,10,0,15,897737,92,11,0,14,897636,93,12,0,6,886362,94,13,0,5,793880,95,14,0,4,714295,96,15,0,3,789703,97,16,0,1,663124,98,17,0,0,814893,99
10:26:07 a.m.: TrStatus --> 12,4,5,95,41.0,37.0,111111,0,0,1,0,100,0,0,0,0,0,3,1,706,0,0,0,0,0,0,0,3,7,0,0,0,0
10:26:14 a.m.: TrResults --> 11,10,0,16,897801,92,11,0,15,897697,93,12,0,7,886207,94,13,0,6,716125,95,14,0,5,790375,96,15,0,4,713292,97,16,0,2,879849,98,17,0,1,660587,99,18,0,0,840141,100
10:26:31 a.m.: TrStatus --> 12,4,5,95,41.0,37.0,111111,0,0,1,0,101,0,0,0,0,0,3,1,709,0,0,0,0,0,0,0,3,7,0,0,0,0
10:26:38 a.m.: TrResults --> 11,11,0,16,897649,93,12,0,8,886082,94,13,0,7,793766,95,14,0,6,714312,96,15,0,5,789965,97,16,0,3,546903,98,17,0,2,879934,99,18,0,1,662831,100,19,0,0,779609,101
10:26:55 a.m.: TrStatus --> 12,4,5,95,41.0,37.0,111111,0,0,1,0,102,0,0,0,0,0,3,1,710,0,0,0,0,0,0,0,3,7,0,0,0,0
10:27:02 a.m.: TrResults --> 11,12,0,9,886121,94,13,0,8,716099,95,14,0,7,790388,96,15,0,6,713483,97,16,0,4,877613,98,17,0,3,542660,99,18,0,2,877798,100,19,0,1,890518,101,20,0,0,725435,102
10:27:19 a.m.: TrStatus --> 12,4,5,95,41.0,37.0,111111,0,0,1,0,103,0,0,0,0,0,3,1,708,0,0,0,0,0,0,0,3,7,0,0,0,0
10:27:26 a.m.: TrResults --> 11,12,0,10,885851,94,13,0,9,793804,95,14,0,8,714350,96,15,0,7,790071,97,16,0,5,494669,98,17,0,4,878050,99,18,0,3,547132,100,19,0,2,887104,101,20,0,1,881757,102,21,0,0,688594,103
10:27:43 a.m.: TrStatus --> 12,4,5,95,41.0,37.0,111111,0,0,1,0,104,0,0,0,0,0,3,1,711,0,0,0,0,0,0,0,3,7,0,0,0,0
10:27:50 a.m.: TrResults --> 11,12,0,11,886018,94,13,0,10,715930,95,14,0,9,790499,96,15,0,8,713582,97,16,0,6,877164,98,17,0,5,490536,99,18,0,4,879104,100,19,0,3,891106,101,20,0,2,877720,102,21,0,1,881236,103,22,0,0,278187,104
10:28:07 a.m.: TrStatus --> 12,4,5,95,41.0,37.0,111111,0,0,1,0,105,0,0,0,0,0,3,1,715,0,0,0,0,0,0,0,3,7,0,0,0,0
10:28:14 a.m.: TrResults --> 11,12,0,12,885965,94,13,0,11,793700,95,14,0,10,714257,96,15,0,9,790220,97,16,0,7,464724,98,17,0,6,876927,99,18,0,5,494957,100,19,0,4,887581,101,20,0,3,880630,102,21,0,2,879672,103,22,0,1,636178,104,23,0,0,339791,105
10:28:24 a.m.: TrStatus --> 12,4,5,95,41.0,37.0,111111,0,0,1,0,106,0,0,0,0,0,2,5,1016,0,0,0,0,0,0,0,3,8,0,0,0,0
10:28:38 a.m.: TrResults --> 11,12,0,13,885928,94,13,0,12,715970,95,14,0,11,790452,96,15,0,10,713505,97,16,0,8,876718,98,17,0,7,461414,99,18,0,6,877878,100,19,0,5,891489,101,20,0,4,876515,102,21,0,3,881187,103,22,0,2,679709,104,23,0,1,657066,105,24,0,0,424402,106
10:28:48 a.m.: TrStatus --> 12,4,5,95,41.0,37.0,111111,0,0,1,0,106,0,0,0,0,0,2,5,1015,0,0,0,0,0,0,0,3,8,0,0,0,0
10:29:02 a.m.: TrResults --> 11,12,0,14,885990,94,13,0,13,793641,95,14,0,12,714332,96,15,0,11,790200,97,16,0,9,445764,98,17,0,8,876751,99,18,0,7,464945,100,19,0,6,839026,101,20,0,5,879284,102,21,0,4,878468,103,22,0,3,684731,104,23,0,2,695771,105,24,0,1,666495,106
10:29:12 a.m.: TrStatus --> 12,4,5,95,41.0,37.0,111111,0,0,1,0,106,0,0,0,0,0,2,5,1021,0,0,0,0,0,0,0,3,8,0,0,0,0
10:29:26 a.m.: TrResults --> 11,12,0,15,885934,94,13,0,14,715829,95,14,0,13,790566,96,15,0,12,713557,97,16,0,10,876662,98,17,0,9,442574,99,18,0,8,877647,100,19,0,7,894544,101,20,0,6,825342,102,21,0,5,881735,103,22,0,4,687461,104,23,0,3,697991,105,24,0,2,692323,106
10:29:44 a.m.: TrStatus --> 12,4,5,95,41.0,37.0,111111,0,0,1,0,106,0,0,0,0,0,3,1,719,0,0,0,0,0,0,0,3,7,0,0,0,0
10:29:50 a.m.: TrResults --> 11,12,0,16,885899,94,13,0,15,793528,95,14,0,14,714595,96,15,0,13,790312,97,16,0,11,433064,98,17,0,10,876302,99,18,0,9,445580,100,19,0,8,852944,101,20,0,7,881362,102,21,0,6,826686,103,22,0,5,687490,104,23,0,4,700218,105,24,0,3,696184,106
10:30:08 a.m.: TrStatus --> 12,4,5,95,41.0,37.0,111111,0,0,1,0,107,0,0,0,0,0,3,1,719,0,0,0,0,0,0,0,3,7,0,0,0,0
10:30:10 a.m.: TrStatus --> 12,4,5,95,41.0,37.0,111111,0,0,1,0,107,0,0,0,0,27,3,1,719,0,0,0,0,0,0,0,3,7,0,0,0,0
10:30:14 a.m.: TrResults --> 11,16,0,12,876121,98,17,0,11,429878,99,18,0,10,877242,100,19,0,9,893619,101,20,0,8,842500,102,21,0,7,884470,103,22,0,6,688040,104,23,0,5,701399,105,24,0,4,696629,106,25,0,0,828793,107
10:30:26 a.m.: TrStatus --> 12,4,5,95,41.0,37.0,111111,0,0,1,0,108,0,0,0,0,0,3,1,719,0,0,0,0,0,0,0,3,11,0,0,0,0
10:30:29 a.m.: TrStatus --> 12,4,5,95,41.1,37.0,111111,0,0,1,0,108,0,0,0,0,27,3,1,719,0,0,0,0,0,0,0,3,11,0,0,0,0
10:30:35 a.m.: TrStatus --> 12,4,5,95,41.0,37.0,111111,0,0,1,0,108,0,0,0,0,0,3,1,719,0,0,0,0,0,0,0,3,11,0,0,0,0
10:30:38 a.m.: TrResults --> 11,16,0,13,424496,98,17,0,12,875792,99,18,0,11,433583,100,19,0,10,848471,101,20,0,9,882186,102,21,0,8,845444,103,22,0,7,688569,104,23,0,6,702439,105,24,0,5,697658,106,25,0,1,853566,107,26,0,0,744405,108
10:30:50 a.m.: TrStatus --> 12,4,5,95,41.0,37.0,111111,0,0,1,0,108,0,0,0,0,0,3,1,719,0,0,0,0,0,0,0,3,11,0,0,0,0
10:30:59 a.m.: TrStatus --> 12,4,5,95,41.0,37.0,111111,0,0,1,0,108,0,0,0,0,0,3,1,719,0,0,0,0,0,0,0,3,11,0,0,0,0
10:31:02 a.m.: TrResults --> 11,16,0,14,875719,98,17,0,13,421562,99,18,0,12,877069,100,19,0,11,893315,101,20,0,10,838189,102,21,0,9,883168,103,22,0,8,688813,104,23,0,7,702793,105,24,0,6,697745,106,25,0,2,853296,107,26,0,1,846532,108
10:31:12 a.m.: TrStatus --> 12,4,5,95,41.0,37.0,111111,0,0,1,0,108,0,0,0,0,0,2,7,1010,0,0,0,0,0,0,0,3,8,0,0,0,0
10:31:27 a.m.: TrResults --> 11,16,0,15,419133,98,17,0,14,875375,99,18,0,13,425569,100,19,0,12,845592,101,20,0,11,882225,102,21,0,10,840951,103,22,0,9,689329,104,23,0,8,702971,105,24,0,7,700174,106,25,0,3,852811,107,26,0,2,849055,108
10:31:36 a.m.: TrStatus --> 12,4,5,95,41.0,37.0,111111,0,0,1,0,108,0,0,0,0,0,2,7,1009,0,0,0,0,0,0,0,3,8,0,0,0,0
10:31:51 a.m.: TrResults --> 11,16,0,16,875633,98,17,0,15,415790,99,18,0,14,876988,100,19,0,13,892458,101,20,0,12,837281,102,21,0,11,884831,103,22,0,10,689038,104,23,0,9,701713,105,24,0,8,700874,106,25,0,4,833788,107,26,0,3,850529,108
10:32:00 a.m.: TrStatus --> 12,4,5,95,41.0,37.0,111111,0,0,1,0,108,0,0,0,0,0,2,10,574,0,0,0,0,0,0,0,3,8,0,0,0,0
10:32:15 a.m.: TrResults --> 11,16,0,17,415669,98,17,0,16,875542,99,18,0,15,419604,100,19,0,14,844513,101,20,0,13,882838,102,21,0,12,839113,103,22,0,11,689506,104,23,0,10,702851,105,24,0,9,699598,106,25,0,5,830586,107,26,0,4,830546,108
10:32:24 a.m.: TrStatus --> 12,4,5,95,41.0,37.0,111111,0,0,1,0,108,0,0,0,0,0,2,10,577,0,0,0,0,0,0,0,3,8,0,0,0,0
10:32:39 a.m.: TrResults --> 11,16,0,18,876048,98,17,0,17,412156,99,18,0,16,876287,100,19,0,15,892597,101,20,0,14,835666,102,21,0,13,884820,103,22,0,12,613293,104,23,0,11,701792,105,24,0,10,699579,106,25,0,6,822854,107,26,0,5,826576,108
10:32:48 a.m.: TrStatus --> 12,4,5,95,41.0,37.0,111111,0,0,1,0,108,0,0,0,0,0,2,10,581,0,0,0,0,0,0,0,3,8,0,0,0,0
10:33:03 a.m.: TrResults --> 11,16,0,19,413390,98,17,0,18,875705,99,18,0,17,415854,100,19,0,16,844286,101,20,0,15,882465,102,21,0,14,837362,103,22,0,13,593201,104,23,0,12,619154,105,24,0,11,700358,106,25,0,7,815443,107,26,0,6,817521,108
10:33:20 a.m.: TrStatus --> 12,4,5,95,41.0,37.0,111111,0,0,1,0,108,0,0,0,0,0,3,1,720,0,0,0,0,0,0,0,3,7,0,0,0,0
10:33:27 a.m.: TrResults --> 11,16,0,20,875979,98,17,0,19,409677,99,18,0,18,876298,100,19,0,17,893351,101,20,0,16,836102,102,21,0,15,885139,103,22,0,14,565755,104,23,0,13,604957,105,24,0,12,623668,106,25,0,8,809192,107,26,0,7,809559,108
10:33:44 a.m.: TrStatus --> 12,4,5,95,41.0,37.0,111111,0,0,1,0,109,0,0,0,0,0,3,1,723,0,0,0,0,0,0,0,3,7,0,0,0,0
10:33:51 a.m.: TrResults --> 11,16,0,21,411623,98,17,0,20,875389,99,18,0,19,413298,100,19,0,18,844672,101,20,0,17,883211,102,21,0,16,836766,103,22,0,15,543731,104,23,0,14,578245,105,24,0,13,603587,106,25,0,9,807367,107,26,0,8,806707,108,27,0,0,775309,109
10:34:08 a.m.: TrStatus --> 12,4,5,95,41.0,37.0,111111,0,0,1,0,110,0,0,0,0,0,3,1,723,0,0,0,0,0,0,0,3,7,0,0,0,0
10:34:15 a.m.: TrResults --> 11,16,0,22,875590,98,17,0,21,408055,99,18,0,20,876730,100,19,0,19,893099,101,20,0,18,835728,102,21,0,17,884793,103,22,0,16,525276,104,23,0,15,554992,105,24,0,14,578332,106,25,0,10,805110,107,26,0,9,801932,108,27,0,1,854272,109,28,0,0,622111,110
10:34:32 a.m.: TrStatus --> 12,4,5,95,41.0,37.0,111111,0,0,1,0,111,0,0,0,0,0,3,1,722,0,0,0,0,0,0,0,3,7,0,0,0,0
10:34:39 a.m.: TrResults --> 11,16,0,23,410692,98,17,0,22,875542,99,18,0,21,412278,100,19,0,20,844787,101,20,0,19,883331,102,21,0,18,836960,103,22,0,17,510446,104,23,0,16,536861,105,24,0,15,554718,106,25,0,11,803635,107,26,0,10,799916,108,27,0,2,853563,109,28,0,1,581345,110,29,0,0,649355,111
10:34:49 a.m.: TrStatus --> 12,4,5,95,41.0,37.0,111111,0,0,1,0,112,0,0,0,0,0,2,7,1010,0,0,0,0,0,0,0,3,8,0,0,0,0
10:35:03 a.m.: TrResults --> 11,16,0,24,876331,98,17,0,23,407766,99,18,0,22,876724,100,19,0,21,893147,101,20,0,20,836326,102,21,0,19,884831,103,22,0,18,496597,104,23,0,17,521126,105,24,0,16,534853,106,25,0,12,801286,107,26,0,11,798344,108,27,0,3,855621,109,28,0,2,691923,110,29,0,1,585554,111,30,0,0,637919,112
10:35:20 a.m.: TrStatus --> 12,4,5,95,41.0,37.0,111111,0,0,1,0,112,0,0,0,0,0,3,2,708,0,0,0,0,0,0,0,3,7,0,0,0,0
10:35:27 a.m.: TrResults --> 11,16,0,25,410316,98,17,0,24,876542,99,18,0,23,410651,100,19,0,22,843754,101,20,0,21,883685,102,21,0,20,836813,103,22,0,19,484986,104,23,0,18,507530,105,24,0,17,519130,106,25,0,13,800460,107,26,0,12,798407,108,27,0,4,833342,109,28,0,3,557765,110,29,0,2,691400,111,30,0,1,585367,112
10:35:44 a.m.: TrStatus --> 12,4,5,95,41.0,37.0,111111,0,0,1,0,113,0,0,0,0,0,3,2,707,0,0,0,0,0,0,0,3,7,0,0,0,0
10:35:51 a.m.: TrResults --> 11,17,0,25,407603,99,18,0,24,875884,100,19,0,23,893287,101,20,0,22,836133,102,21,0,21,885384,103,22,0,20,475337,104,23,0,19,496356,105,24,0,18,505716,106,25,0,14,799447,107,26,0,13,797166,108,27,0,5,833774,109,28,0,4,692298,110,29,0,3,568783,111,30,0,2,690399,112,31,0,0,862916,113
10:36:08 a.m.: TrStatus --> 12,4,5,95,41.0,37.0,111111,0,0,1,0,114,0,0,0,0,0,3,2,707,0,0,0,0,0,0,0,3,7,0,0,0,0
10:36:15 a.m.: TrResults --> 11,18,0,25,410286,100,19,0,24,843737,101,20,0,23,884817,102,21,0,22,836656,103,22,0,21,467084,104,23,0,20,485563,105,24,0,19,494365,106,25,0,15,799609,107,26,0,14,797520,108,27,0,6,822700,109,28,0,5,556168,110,29,0,4,691152,111,30,0,3,569055,112,31,0,1,566747,113,32,0,0,837506,114
10:36:32 a.m.: TrStatus --> 12,4,5,95,41.0,37.0,111111,0,0,1,0,115,0,0,0,0,0,3,2,707,0,0,0,0,0,0,0,3,7,0,0,0,0
10:36:39 a.m.: TrResults --> 11,25,0,16,798680,107,26,0,15,795815,108,27,0,7,816288,109,28,0,6,692009,110,29,0,5,560620,111,30,0,4,690367,112,31,0,2,882350,113,32,0,1,569109,114,33,0,0,845523,115
10:36:56 a.m.: TrStatus --> 12,4,5,95,41.0,37.0,111111,0,0,1,0,116,0,0,0,0,0,3,2,706,0,0,0,0,0,0,0,3,7,0,0,0,0
10:36:59 a.m.: TrStatus --> 12,4,5,95,41.0,37.0,111111,0,0,1,0,116,0,0,0,0,36,3,2,706,0,0,0,0,0,0,0,3,7,0,0,0,0
10:37:03 a.m.: TrResults --> 11,26,0,16,795882,108,27,0,8,811144,109,28,0,7,554413,110,29,0,6,690643,111,30,0,5,562898,112,31,0,3,400596,113,32,0,2,881878,114,33,0,1,568296,115,34,0,0,684808,116
10:37:15 a.m.: TrStatus --> 12,4,5,95,41.0,37.0,111111,0,0,1,0,117,0,0,0,0,0,3,2,706,0,0,0,0,0,0,0,3,11,0,0,0,0
10:37:24 a.m.: TrStatus --> 12,4,5,95,41.0,37.0,111111,0,0,1,0,117,0,0,0,0,0,3,2,706,0,0,0,0,0,0,0,3,11,0,0,0,0
10:37:27 a.m.: TrResults --> 11,27,0,9,807704,109,28,0,8,691604,110,29,0,7,558556,111,30,0,6,689999,112,31,0,4,879440,113,32,0,3,404116,114,33,0,2,879687,115,34,0,1,891218,116,35,0,0,248284,117
10:37:45 a.m.: TrStatus --> 12,4,5,95,41.0,37.0,111111,0,0,1,0,117,0,0,0,0,0,3,2,713,0,0,0,0,0,0,0,3,7,0,0,0,0
10:37:51 a.m.: TrResults --> 11,27,0,10,805388,109,28,0,9,553126,110,29,0,8,690259,111,30,0,7,558493,112,31,0,5,333964,113,32,0,4,878745,114,33,0,3,401655,115,34,0,2,880041,116,35,0,1,360387,117
10:38:09 a.m.: TrStatus --> 12,4,5,95,41.0,37.0,111111,0,0,1,0,118,0,0,0,0,0,3,2,713,0,0,0,0,0,0,0,3,7,0,0,0,0
10:38:15 a.m.: TrResults --> 11,27,0,11,803628,109,28,0,10,691582,110,29,0,9,554690,111,30,0,8,689422,112,31,0,6,877539,113,32,0,5,338077,114,33,0,4,877163,115,34,0,3,892696,116,35,0,2,378882,117,36,0,0,845315,118
10:38:33 a.m.: TrStatus --> 12,4,5,95,41.0,37.0,111111,0,0,1,0,119,0,0,0,0,0,3,3,715,0,0,0,0,0,0,0,3,7,0,0,0,0
10:38:39 a.m.: TrResults --> 11,27,0,12,803054,109,28,0,11,551938,110,29,0,10,689219,111,30,0,9,556674,112,31,0,7,298474,113,32,0,6,876355,114,33,0,5,336960,115,34,0,4,880663,116,35,0,3,381166,117,36,0,1,854568,118,37,0,0,580772,119
10:38:49 a.m.: TrStatus --> 12,4,5,95,41.0,37.0,111111,0,0,1,0,120,0,0,0,0,0,2,5,1021,0,0,0,0,0,0,0,3,8,0,0,0,0
10:39:03 a.m.: TrResults --> 11,27,0,13,802280,109,28,0,12,691588,110,29,0,11,552487,111,30,0,10,689546,112,31,0,8,876605,113,32,0,7,302959,114,33,0,6,875665,115,34,0,5,890846,116,35,0,4,381976,117,36,0,2,854559,118,37,0,1,549288,119,38,0,0,798404,120
10:39:13 a.m.: TrStatus --> 12,4,5,95,41.0,37.0,111111,0,0,1,0,120,0,0,0,0,0,2,7,1016,0,0,0,0,0,0,0,3,8,0,0,0,0
10:39:17 a.m.: TrStatus --> 12,4,5,95,41.0,37.0,111111,0,0,1,0,120,0,0,0,0,39,2,7,1016,0,0,0,0,0,0,0,3,8,0,0,0,0
10:39:27 a.m.: TrResults --> 11,27,0,14,801401,109,28,0,13,550917,110,29,0,12,689405,111,30,0,11,555517,112,31,0,9,276811,113,32,0,8,876012,114,33,0,7,301602,115,34,0,6,813267,116,35,0,5,383044,117,36,0,3,854048,118,37,0,2,683534,119,38,0,1,666567,120
10:39:39 a.m.: TrStatus --> 12,4,5,95,41.0,37.0,111111,0,0,1,0,120,0,0,0,0,0,2,7,1016,0,0,0,0,0,0,0,3,11,0,0,0,0
10:39:48 a.m.: TrStatus --> 12,4,5,95,41.0,37.0,111111,0,0,1,0,120,0,0,0,0,0,2,7,1016,0,0,0,0,0,0,0,3,11,0,0,0,0
10:39:52 a.m.: TrResults --> 11,27,0,15,800889,109,28,0,14,690674,110,29,0,13,551269,111,30,0,12,689441,112,31,0,10,875931,113,32,0,9,281223,114,33,0,8,874241,115,34,0,7,889085,116,35,0,6,382655,117,36,0,4,824533,118,37,0,3,532763,119,38,0,2,881941,120
10:40:12 a.m.: TrStatus --> 12,4,5,95,41.0,37.0,111111,0,0,1,0,120,0,0,0,0,0,2,7,1016,0,0,0,0,0,0,0,3,0,0,0,0,0
10:40:16 a.m.: TrResults --> 11,27,0,16,800929,109,28,0,15,550679,110,29,0,14,689430,111,30,0,13,554710,112,31,0,11,262686,113,32,0,10,875441,114,33,0,9,279839,115,34,0,8,792360,116,35,0,7,383444,117,36,0,5,805561,118,37,0,4,680318,119,38,0,3,549172,120
10:40:36 a.m.: TrStatus --> 12,4,5,95,42.4,37.0,111111,0,0,1,0,120,0,0,0,0,0,2,7,1016,0,0,0,0,0,0,0,3,0,0,0,0,0
10:40:40 a.m.: TrResults --> 11,31,0,12,875172,113,32,0,11,267204,114,33,0,10,873626,115,34,0,9,889885,116,35,0,8,383994,117,36,0,6,786149,118,37,0,5,526879,119,38,0,4,880310,120
10:41:00 a.m.: TrStatus --> 12,4,5,95,43.8,37.0,111111,0,0,1,0,120,0,0,0,0,0,2,7,1016,0,0,0,0,0,0,0,3,0,0,0,0,0
10:41:04 a.m.: TrResults --> 11,31,0,13,253348,113,32,0,12,874791,114,33,0,11,265877,115,34,0,10,782059,116,35,0,9,384774,117,36,0,7,775789,118,37,0,6,680691,119,38,0,5,495765,120
10:41:24 a.m.: TrStatus --> 12,4,5,95,43.9,37.0,111111,0,0,1,0,120,0,0,0,0,0,2,7,1016,0,0,0,0,0,0,0,3,0,0,0,0,0
10:41:28 a.m.: TrResults --> 11,31,0,14,875048,113,32,0,13,257806,114,33,0,12,873320,115,34,0,11,889748,116,35,0,10,385878,117,36,0,8,767629,118,37,0,7,528430,119,38,0,6,878591,120
10:41:37 a.m.: TrStatus --> 12,4,5,95,41.6,37.0,111111,0,0,1,0,120,0,0,0,0,0,2,10,581,0,0,0,0,0,0,0,3,8,0,0,0,0
10:41:52 a.m.: TrResults --> 11,31,0,15,247301,113,32,0,14,874331,114,33,0,13,256676,115,34,0,12,776334,116,35,0,11,386169,117,36,0,9,762566,118,37,0,8,681138,119,38,0,7,465408,120
10:42:03 a.m.: TrStatus --> 12,4,5,95,41.1,37.0,111111,0,0,1,0,120,0,0,0,0,0,2,10,581,0,0,0,0,0,0,0,3,11,0,0,0,0
10:42:12 a.m.: TrStatus --> 12,4,5,95,41.0,37.0,111111,0,0,1,0,120,0,0,0,0,0,2,10,581,0,0,0,0,0,0,0,3,11,0,0,0,0
10:42:16 a.m.: TrResults --> 11,31,0,16,875074,113,32,0,15,251455,114,33,0,14,872679,115,34,0,13,889744,116,35,0,12,437350,117,36,0,10,758898,118,37,0,9,526264,119,38,0,8,877215,120
10:42:36 a.m.: TrStatus --> 12,4,5,95,41.3,37.0,111111,0,0,1,0,120,0,0,0,0,0,2,10,581,0,0,0,0,0,0,0,3,0,0,0,0,0
10:42:40 a.m.: TrResults --> 11,31,0,17,243180,113,32,0,16,874174,114,33,0,15,250289,115,34,0,14,774426,116,35,0,13,402768,117,36,0,11,755060,118,37,0,10,681224,119,38,0,9,446130,120
10:43:00 a.m.: TrStatus --> 12,4,5,95,43.5,37.0,111111,0,0,1,0,120,0,0,0,0,0,2,10,581,0,0,0,0,0,0,0,3,0,0,0,0,0
10:43:04 a.m.: TrResults --> 11,31,0,18,874862,113,32,0,17,247182,114,33,0,16,872406,115,34,0,15,889845,116,35,0,14,367611,117,36,0,12,752053,118,37,0,11,525356,119,38,0,10,876718,120
10:43:24 a.m.: TrStatus --> 12,4,5,95,44.0,37.0,111111,0,0,1,0,120,0,0,0,0,0,2,10,581,0,0,0,0,0,0,0,3,0,0,0,0,0
10:43:28 a.m.: TrResults --> 11,31,0,19,240415,113,32,0,18,873945,114,33,0,17,245983,115,34,0,16,773059,116,35,0,15,342112,117,36,0,13,748791,118,37,0,12,680609,119,38,0,11,432924,120
10:43:49 a.m.: TrStatus --> 12,4,5,95,43.8,37.0,111111,0,0,1,0,120,0,0,0,0,0,2,10,581,0,0,0,0,0,0,0,3,0,0,0,0,0
10:43:52 a.m.: TrResults --> 11,31,0,20,874771,113,32,0,19,244178,114,33,0,18,872835,115,34,0,17,889576,116,35,0,16,321381,117,36,0,14,747029,118,37,0,13,523953,119,38,0,12,876705,120
10:44:13 a.m.: TrStatus --> 12,4,5,95,43.6,37.0,111111,0,0,1,0,120,0,0,0,0,0,2,10,581,0,0,0,0,0,0,0,3,0,0,0,0,0
10:44:16 a.m.: TrResults --> 11,31,0,21,238487,113,32,0,20,873992,114,33,0,19,243057,115,34,0,18,772362,116,35,0,17,304538,117,36,0,15,744880,118,37,0,14,680117,119,38,0,13,424073,120
10:44:37 a.m.: TrStatus --> 12,4,5,95,43.6,37.0,111111,0,0,1,0,120,0,0,0,0,0,2,10,581,0,0,0,0,0,0,0,3,0,0,0,0,0
10:44:40 a.m.: TrResults --> 11,31,0,22,874358,113,32,0,21,242311,114,33,0,20,872635,115,34,0,19,889178,116,35,0,18,291402,117,36,0,16,742805,118,37,0,15,523553,119,38,0,14,876794,120
10:45:01 a.m.: TrStatus --> 12,4,5,95,43.6,37.0,111111,0,0,1,0,120,0,0,0,0,0,2,10,581,0,0,0,0,0,0,0,3,0,0,0,0,0
10:45:04 a.m.: TrResults --> 11,31,0,23,237462,113,32,0,22,874041,114,33,0,21,241137,115,34,0,20,771855,116,35,0,19,280070,117,36,0,17,740865,118,37,0,16,680116,119,38,0,15,418250,120
10:45:25 a.m.: TrStatus --> 12,4,5,95,43.6,37.0,111111,0,0,1,0,120,0,0,0,0,0,2,10,581,0,0,0,0,0,0,0,3,0,0,0,0,0
10:45:28 a.m.: TrResults --> 11,31,0,24,874701,113,32,0,23,240916,114,33,0,22,872552,115,34,0,21,889948,116,35,0,20,270868,117,36,0,18,738967,118,37,0,17,523231,119,38,0,16,876630,120
10:45:49 a.m.: TrStatus --> 12,4,5,95,43.6,37.0,111111,0,0,1,0,120,0,0,0,0,0,2,10,581,0,0,0,0,0,0,0,3,0,0,0,0,0
10:45:52 a.m.: TrResults --> 11,31,0,25,236783,113,32,0,24,873874,114,33,0,23,239614,115,34,0,22,772797,116,35,0,21,263281,117,36,0,19,736988,118,37,0,18,680171,119,38,0,17,414495,120
10:46:13 a.m.: TrStatus --> 12,4,5,95,43.6,37.0,111111,0,0,1,0,120,0,0,0,0,0,2,10,581,0,0,0,0,0,0,0,3,0,0,0,0,0
10:46:16 a.m.: TrResults --> 11,32,0,25,240086,114,33,0,24,872254,115,34,0,23,890699,116,35,0,22,256818,117,36,0,20,735127,118,37,0,19,523583,119,38,0,18,876764,120
10:46:37 a.m.: TrStatus --> 12,4,5,95,43.6,37.0,111111,0,0,1,0,120,0,0,0,0,0,2,10,581,0,0,0,0,0,0,0,3,0,0,0,0,0
10:46:40 a.m.: TrResults --> 11,33,0,25,238684,115,34,0,24,772512,116,35,0,23,251560,117,36,0,21,733479,118,37,0,20,680568,119,38,0,19,411619,120
10:47:01 a.m.: TrStatus --> 12,4,5,95,43.6,37.0,111111,0,0,1,0,120,0,0,0,0,0,2,10,581,0,0,0,0,0,0,0,3,0,0,0,0,0
10:47:04 a.m.: TrResults --> 11,38,0,20,876665,120
10:47:25 a.m.: TrStatus --> 12,4,5,95,43.7,37.0,111111,0,0,1,0,120,0,0,0,0,0,2,10,581,0,0,0,0,0,0,0,3,0,0,0,0,0
10:47:28 a.m.: TrResults --> 11,38,0,21,410076,120
10:47:49 a.m.: TrStatus --> 12,4,5,95,43.7,37.0,111111,0,0,1,0,120,0,0,0,0,0,2,10,581,0,0,0,0,0,0,0,3,0,0,0,0,0
10:47:52 a.m.: TrResults --> 11,38,0,22,876490,120
10:48:13 a.m.: TrStatus --> 12,4,5,95,43.7,37.0,111111,0,0,1,0,120,0,0,0,0,0,2,10,581,0,0,0,0,0,0,0,3,0,0,0,0,0
10:48:16 a.m.: TrResults --> 11,38,0,23,409415,120
10:48:37 a.m.: TrStatus --> 12,4,5,95,43.7,37.0,111111,0,0,1,0,120,0,0,0,0,0,2,10,581,0,0,0,0,0,0,0,3,0,0,0,0,0
10:48:40 a.m.: TrResults --> 11,38,0,24,877201,120
10:49:01 a.m.: TrStatus --> 12,4,5,95,43.7,37.0,111111,0,0,1,0,120,0,0,0,0,0,2,10,581,0,0,0,0,0,0,0,3,0,0,0,0,0
10:49:04 a.m.: TrResults --> 11,38,0,25,408856,120
10:49:04 a.m.: TrStatus --> 12,2,5,95,43.7,37.0,111111,0,0,0,0,120,0,0,0,0,0,2,10,581,0,0,0,0,0,0,0,3,0,0,0,0,0
12:21:34 p.m.: TrStatus --> 12,2,5,95,43.6,37.1,111111,0,0,0,0,0,0,0,0,0,0,2,10,581,0,0,0,0,0,0,0,3,0,0,0,0,0
12:25:52 p.m.: TrStatus --> 12,4,5,95,43.6,37.0,111111,0,0,0,0,0,0,0,0,0,0,2,10,581,0,0,0,0,0,0,0,3,0,0,0,0,0
12:26:51 p.m.: TrStatus --> 12,4,5,95,41.0,37.0,111111,0,0,0,0,0,0,0,0,0,0,2,1,723,0,0,0,0,0,0,0,3,6,0,0,0,0
12:27:05 p.m.: TrStatus --> 12,4,5,95,41.0,37.0,111111,0,0,0,0,1,0,0,0,0,0,2,1,723,0,0,0,0,0,0,0,3,6,0,0,0,0
12:29:48 p.m.: TrStatus --> 12,4,5,95,41.0,37.0,111111,0,0,0,0,1,0,0,0,0,0,3,3,721,0,0,0,0,0,0,0,3,7,0,0,0,0
12:30:12 p.m.: TrStatus --> 12,4,5,95,41.0,37.0,111111,0,0,1,0,2,0,0,0,0,0,3,3,719,0,0,0,0,0,0,0,3,7,0,0,0,0
12:30:14 p.m.: TrStatus --> 12,4,5,95,41.0,37.0,111111,0,0,1,0,2,0,0,0,0,41,3,3,719,0,0,0,0,0,0,0,3,7,0,0,0,0
12:30:18 p.m.: TrResults --> 11,39,0,0,747148,2
12:30:30 p.m.: TrStatus --> 12,4,5,95,41.0,37.0,111111,0,0,1,0,3,0,0,0,0,0,3,3,719,0,0,0,0,0,0,0,3,11,0,0,0,0
12:30:39 p.m.: TrStatus --> 12,4,5,95,41.0,37.0,111111,0,0,1,0,3,0,0,0,0,0,3,3,719,0,0,0,0,0,0,0,3,11,0,0,0,0
12:30:42 p.m.: TrResults --> 11,39,0,1,880810,2,40,0,0,313396,3
12:31:00 p.m.: TrStatus --> 12,4,5,95,41.0,37.0,111111,0,0,1,0,3,0,0,0,0,0,3,3,722,0,0,0,0,0,0,0,3,7,0,0,0,0
12:31:06 p.m.: TrResults --> 11,39,0,2,876704,2,40,0,1,610427,3
12:31:24 p.m.: TrStatus --> 12,4,5,95,41.0,37.0,111111,0,0,1,0,4,0,0,0,0,0,3,3,722,0,0,0,0,0,0,0,3,7,0,0,0,0
12:31:30 p.m.: TrResults --> 11,39,0,3,881322,2,40,0,2,684879,3,41,0,0,707269,4
12:31:48 p.m.: TrStatus --> 12,4,5,95,41.0,37.0,111111,0,0,1,0,5,0,0,0,0,0,3,4,676,0,0,0,0,0,0,0,3,7,0,0,0,0
12:31:54 p.m.: TrResults --> 11,39,0,4,875752,2,40,0,3,688940,3,41,0,1,841504,4,42,0,0,595773,5
12:32:04 p.m.: TrStatus --> 12,4,5,95,41.0,37.0,111111,0,0,1,0,6,0,0,0,0,0,2,5,1024,0,0,0,0,0,0,0,3,8,0,0,0,0
12:32:19 p.m.: TrResults --> 11,39,0,5,880477,2,40,0,4,690344,3,41,0,2,843126,4,42,0,1,559358,5,43,0,0,766608,6
12:32:28 p.m.: TrStatus --> 12,4,5,95,41.0,37.0,111111,0,0,1,0,6,0,0,0,0,0,2,7,1017,0,0,0,0,0,0,0,3,8,0,0,0,0
12:32:43 p.m.: TrResults --> 11,39,0,6,844727,2,40,0,5,692375,3,41,0,3,840148,4,42,0,2,683445,5,43,0,1,666234,6
12:33:00 p.m.: TrStatus --> 12,4,5,95,41.0,37.0,111111,0,0,1,0,6,0,0,0,0,0,3,4,679,0,0,0,0,0,0,0,3,7,0,0,0,0
12:33:07 p.m.: TrResults --> 11,39,0,7,882872,2,40,0,6,692603,3,41,0,4,819651,4,42,0,3,547953,5,43,0,2,878945,6
12:33:24 p.m.: TrStatus --> 12,4,5,95,41.0,37.0,111111,0,0,1,0,7,0,0,0,0,0,3,4,676,0,0,0,0,0,0,0,3,7,0,0,0,0
12:33:27 p.m.: TrStatus --> 12,4,5,95,41.0,37.0,111111,0,0,1,0,7,0,0,0,0,46,3,4,676,0,0,0,0,0,0,0,3,7,0,0,0,0
12:33:31 p.m.: TrResults --> 11,39,0,8,841946,2,40,0,7,693671,3,41,0,5,818391,4,42,0,4,684290,5,43,0,3,546170,6,44,0,0,670968,7
12:33:42 p.m.: TrStatus --> 12,4,5,95,41.0,37.0,111111,0,0,1,0,8,0,0,0,0,0,3,4,676,0,0,0,0,0,0,0,3,11,0,0,0,0
12:33:51 p.m.: TrStatus --> 12,4,5,95,41.0,37.0,111111,0,0,1,0,8,0,0,0,0,0,3,4,676,0,0,0,0,0,0,0,3,11,0,0,0,0
12:33:55 p.m.: TrResults --> 11,39,0,9,882240,2,40,0,8,694776,3,41,0,6,810459,4,42,0,5,539551,5,43,0,4,876930,6,44,0,1,881957,7,45,0,0,327016,8
12:34:12 p.m.: TrStatus --> 12,4,5,95,41.0,37.0,111111,0,0,1,0,8,0,0,0,0,0,3,4,681,0,0,0,0,0,0,0,3,7,0,0,0,0
12:34:19 p.m.: TrResults --> 11,39,0,10,837764,2,40,0,9,694402,3,41,0,7,804003,4,42,0,6,683764,5,43,0,5,492755,6,44,0,2,875590,7,45,0,1,619046,8
12:34:36 p.m.: TrStatus --> 12,4,5,95,41.0,37.0,111111,0,0,1,0,9,0,0,0,0,0,3,4,683,0,0,0,0,0,0,0,3,7,0,0,0,0
12:34:43 p.m.: TrResults --> 11,39,0,11,884059,2,40,0,10,694539,3,41,0,8,798604,4,42,0,7,539081,5,43,0,6,875582,6,44,0,3,883083,7,45,0,2,688040,8,46,0,0,705477,9
12:34:52 p.m.: TrStatus --> 12,4,5,95,41.0,37.0,111111,0,0,1,0,10,0,0,0,0,0,2,10,585,0,0,0,0,0,0,0,3,8,0,0,0,0
12:35:07 p.m.: TrResults --> 11,39,0,12,835916,2,40,0,11,695199,3,41,0,9,794906,4,42,0,8,683629,5,43,0,7,462206,6,44,0,4,874858,7,45,0,3,692232,8,46,0,1,841613,9,47,0,0,498302,10
12:35:16 p.m.: TrStatus --> 12,4,5,95,41.0,37.0,111111,0,0,1,0,10,0,0,0,0,0,2,5,1025,0,0,0,0,0,0,0,3,8,0,0,0,0
12:35:31 p.m.: TrResults --> 11,39,0,13,882929,2,40,0,12,615796,3,41,0,10,792214,4,42,0,9,537521,5,43,0,8,875126,6,44,0,5,882081,7,45,0,4,691911,8,46,0,2,843096,9,47,0,1,554023,10
12:35:41 p.m.: TrStatus --> 12,4,5,95,41.0,37.0,111111,0,0,1,0,10,0,0,0,0,0,2,7,1019,0,0,0,0,0,0,0,3,8,0,0,0,0
12:35:55 p.m.: TrResults --> 11,39,0,14,834153,2,40,0,13,596688,3,41,0,11,789968,4,42,0,10,683846,5,43,0,9,442819,6,44,0,6,840093,7,45,0,5,692398,8,46,0,3,842807,9,47,0,2,682601,10
12:36:12 p.m.: TrStatus --> 12,4,5,95,41.0,37.0,111111,0,0,1,0,10,0,0,0,0,0,3,5,680,0,0,0,0,0,0,0,3,7,0,0,0,0
12:36:19 p.m.: TrResults --> 11,39,0,15,882464,2,40,0,14,567932,3,41,0,12,789343,4,42,0,11,535418,5,43,0,10,874401,6,44,0,7,883701,7,45,0,6,693376,8,46,0,4,820037,9,47,0,3,547498,10
12:36:36 p.m.: TrStatus --> 12,4,5,95,41.0,37.0,111111,0,0,1,0,11,0,0,0,0,0,3,5,682,0,0,0,0,0,0,0,3,7,0,0,0,0
12:36:43 p.m.: TrResults --> 11,39,0,16,834112,2,40,0,15,544570,3,41,0,13,787954,4,42,0,12,683542,5,43,0,11,429952,6,44,0,8,841202,7,45,0,7,694782,8,46,0,5,819451,9,47,0,4,682778,10,48,0,0,741137,11
12:37:00 p.m.: TrStatus --> 12,4,5,95,41.0,37.0,111111,0,0,1,0,12,0,0,0,0,0,3,5,679,0,0,0,0,0,0,0,3,7,0,0,0,0
12:37:03 p.m.: TrStatus --> 12,4,5,95,41.0,37.0,111111,0,0,1,0,12,0,0,0,0,51,3,5,679,0,0,0,0,0,0,0,3,7,0,0,0,0
12:37:07 p.m.: TrResults --> 11,39,0,17,883619,2,40,0,16,525569,3,41,0,14,788051,4,42,0,13,533637,5,43,0,12,874287,6,44,0,9,883677,7,45,0,8,695271,8,46,0,6,811909,9,47,0,5,544019,10,48,0,1,559185,11,49,0,0,642966,12
12:37:18 p.m.: TrStatus --> 12,4,5,95,41.0,37.0,111111,0,0,1,0,13,0,0,0,0,0,3,5,679,0,0,0,0,0,0,0,3,11,0,0,0,0
12:37:28 p.m.: TrStatus --> 12,4,5,95,41.0,37.0,111111,0,0,1,0,13,0,0,0,0,0,3,5,679,0,0,0,0,0,0,0,3,11,0,0,0,0
12:37:31 p.m.: TrResults --> 11,39,0,18,834087,2,40,0,17,508942,3,41,0,15,787260,4,42,0,14,682911,5,43,0,13,421190,6,44,0,10,836356,7,45,0,9,696871,8,46,0,7,805062,9,47,0,6,682620,10,48,0,2,880126,11,49,0,1,890807,12,50,0,0,185998,13
12:37:48 p.m.: TrStatus --> 12,4,5,95,41.0,37.0,111111,0,0,1,0,13,0,0,0,0,0,3,5,684,0,0,0,0,0,0,0,3,7,0,0,0,0
12:37:55 p.m.: TrResults --> 11,41,0,16,786278,4,42,0,15,533681,5,43,0,14,874157,6,44,0,11,884579,7,45,0,10,696184,8,46,0,8,801131,9,47,0,7,541646,10,48,0,3,390477,11,49,0,2,879642,12,50,0,1,319379,13
12:38:05 p.m.: TrStatus --> 12,4,5,95,41.0,37.0,111111,0,0,1,0,14,0,0,0,0,0,2,10,588,0,0,0,0,0,0,0,3,8,0,0,0,0
12:38:19 p.m.: TrResults --> 11,43,0,15,415292,6,44,0,12,833607,7,45,0,11,696274,8,46,0,9,797745,9,47,0,8,682699,10,48,0,4,876592,11,49,0,3,890406,12,50,0,2,361478,13,51,0,0,682367,14
12:38:36 p.m.: TrStatus --> 12,4,5,95,41.0,37.0,111111,0,0,1,0,14,0,0,0,0,0,3,5,686,0,0,0,0,0,0,0,3,7,0,0,0,0
12:38:43 p.m.: TrResults --> 11,43,0,16,874040,6,44,0,13,882964,7,45,0,12,624112,8,46,0,10,794426,9,47,0,9,539882,10,48,0,5,323633,11,49,0,4,878930,12,50,0,3,363441,13,51,0,1,855745,14
12:38:53 p.m.: TrStatus --> 12,4,5,95,41.0,37.0,111111,0,0,1,0,15,0,0,0,0,0,2,5,1026,0,0,0,0,0,0,0,3,8,0,0,0,0
12:39:07 p.m.: TrResults --> 11,43,0,17,411321,6,44,0,14,832500,7,45,0,13,602030,8,46,0,11,792084,9,47,0,10,683269,10,48,0,6,875266,11,49,0,5,891023,12,50,0,4,367947,13,51,0,2,854756,14,52,0,0,516313,15
12:39:17 p.m.: TrStatus --> 12,4,5,95,41.0,37.0,111111,0,0,1,0,15,0,0,0,0,0,2,7,1020,0,0,0,0,0,0,0,3,8,0,0,0,0
12:39:31 p.m.: TrResults --> 11,43,0,18,874184,6,44,0,15,883877,7,45,0,14,574601,8,46,0,12,790736,9,47,0,11,539126,10,48,0,7,287720,11,49,0,6,793620,12,50,0,5,369843,13,51,0,3,857766,14,52,0,1,534115,15
12:39:48 p.m.: TrStatus --> 12,4,5,95,41.0,37.0,111111,0,0,1,0,15,0,0,0,0,0,3,6,704,0,0,0,0,0,0,0,3,7,0,0,0,0
12:39:55 p.m.: TrResults --> 11,43,0,19,408345,6,44,0,16,831848,7,45,0,15,551729,8,46,0,13,789575,9,47,0,12,682972,10,48,0,8,873760,11,49,0,7,889465,12,50,0,6,370246,13,51,0,4,813800,14,52,0,2,679516,15
12:40:13 p.m.: TrStatus --> 12,4,5,95,41.0,37.0,111111,0,0,1,0,16,0,0,0,0,0,3,6,704,0,0,0,0,0,0,0,3,7,0,0,0,0
12:40:19 p.m.: TrResults --> 11,43,0,20,873840,6,44,0,17,883067,7,45,0,16,532703,8,46,0,14,789519,9,47,0,13,537782,10,48,0,9,266404,11,49,0,8,788573,12,50,0,7,370934,13,51,0,5,804441,14,52,0,3,522431,15,53,0,0,752588,16
12:40:37 p.m.: TrStatus --> 12,4,5,95,41.0,37.0,111111,0,0,1,0,17,0,0,0,0,0,3,6,705,0,0,0,0,0,0,0,3,7,0,0,0,0
12:40:39 p.m.: TrStatus --> 12,4,5,95,41.0,37.0,111111,0,0,1,0,17,0,0,0,0,56,3,6,705,0,0,0,0,0,0,0,3,7,0,0,0,0
12:40:43 p.m.: TrResults --> 11,43,0,21,406544,6,44,0,18,830934,7,45,0,17,517010,8,46,0,15,788385,9,47,0,14,682808,10,48,0,10,873188,11,49,0,9,890160,12,50,0,8,372120,13,51,0,6,786754,14,52,0,4,679289,15,53,0,1,656982,16,54,0,0,653655,17
12:40:55 p.m.: TrStatus --> 12,4,5,95,41.0,37.0,111111,0,0,1,0,18,0,0,0,0,0,3,6,705,0,0,0,0,0,0,0,3,11,0,0,0,0
12:41:04 p.m.: TrStatus --> 12,4,5,95,41.0,37.0,111111,0,0,1,0,18,0,0,0,0,0,3,6,705,0,0,0,0,0,0,0,3,11,0,0,0,0
12:41:07 p.m.: TrResults --> 11,43,0,22,873893,6,44,0,19,883066,7,45,0,18,502936,8,46,0,16,788118,9,47,0,15,537797,10,48,0,11,252157,11,49,0,10,777685,12,50,0,9,372437,13,51,0,7,774912,14,52,0,5,513668,15,53,0,2,881219,16,54,0,1,881969,17,55,0,0,307862,18
12:41:25 p.m.: TrStatus --> 12,4,5,95,41.0,37.0,111111,0,0,1,0,18,0,0,0,0,0,3,6,707,0,0,0,0,0,0,0,3,7,0,0,0,0
12:41:31 p.m.: TrResults --> 11,43,0,23,405088,6,44,0,20,830773,7,45,0,19,491609,8,46,0,17,787632,9,47,0,16,681876,10,48,0,12,872374,11,49,0,11,890677,12,50,0,10,372298,13,51,0,8,767359,14,52,0,6,678898,15,53,0,3,540721,16,54,0,2,871891,17,55,0,1,602812,18
12:41:41 p.m.: TrStatus --> 12,4,5,95,41.0,37.0,111111,0,0,1,0,19,0,0,0,0,0,2,10,591,0,0,0,0,0,0,0,3,8,0,0,0,0
12:41:56 p.m.: TrResults --> 11,43,0,24,874001,6,44,0,21,883870,7,45,0,20,480868,8,46,0,18,787294,9,47,0,17,536407,10,48,0,13,242484,11,49,0,12,773873,12,50,0,11,372744,13,51,0,9,761438,14,52,0,7,511364,15,53,0,4,877490,16,54,0,3,880977,17,55,0,2,684395,18,56,0,0,667291,19
12:42:13 p.m.: TrStatus --> 12,4,5,95,41.0,37.0,111111,0,0,1,0,19,0,0,0,0,0,3,6,707,0,0,0,0,0,0,0,3,7,0,0,0,0
12:42:20 p.m.: TrResults --> 11,43,0,25,403987,6,44,0,22,831043,7,45,0,21,471369,8,46,0,19,786992,9,47,0,18,682418,10,48,0,14,872145,11,49,0,13,891135,12,50,0,12,423832,13,51,0,10,756953,14,52,0,8,679682,15,53,0,5,486561,16,54,0,4,871236,17,55,0,3,685199,18,56,0,1,836607,19
12:42:29 p.m.: TrStatus --> 12,4,5,95,41.0,37.0,111111,0,0,1,0,20,0,0,0,0,0,2,5,1028,0,0,0,0,0,0,0,3,8,0,0,0,0
12:42:44 p.m.: TrResults --> 11,48,0,15,235933,11,49,0,14,771748,12,50,0,13,393414,13,51,0,11,753427,14,52,0,9,511235,15,53,0,6,876907,16,54,0,5,879383,17,55,0,4,688368,18,56,0,2,834767,19,57,0,0,525021,20
12:42:53 p.m.: TrStatus --> 12,4,5,95,41.0,37.0,111111,0,0,1,0,20,0,0,0,0,0,2,7,1022,0,0,0,0,0,0,0,3,8,0,0,0,0
12:43:08 p.m.: TrResults --> 11,48,0,16,871949,11,49,0,15,890691,12,50,0,14,360895,13,51,0,12,750421,14,52,0,10,680283,15,53,0,7,456111,16,54,0,6,816760,17,55,0,5,690621,18,56,0,3,837468,19,57,0,1,559939,20
12:43:17 p.m.: TrStatus --> 12,4,5,95,41.0,37.0,111111,0,0,1,0,20,0,0,0,0,0,2,2,728,0,0,0,0,0,0,0,3,11,0,0,0,0
12:43:32 p.m.: TrResults --> 11,48,0,17,231780,11,49,0,16,770244,12,50,0,15,334924,13,51,0,13,747602,14,52,0,11,510280,15,53,0,8,876346,16,54,0,7,884560,17,55,0,6,692720,18,56,0,4,809887,19,57,0,2,683612,20
12:43:52 p.m.: TrStatus --> 12,4,5,95,41.0,37.0,111111,0,0,1,0,20,0,0,0,0,0,2,2,728,0,0,0,0,0,0,0,3,0,0,0,0,0
12:43:56 p.m.: TrResults --> 11,48,0,18,871476,11,49,0,17,890434,12,50,0,16,314212,13,51,0,14,745212,14,52,0,12,680620,15,53,0,9,437114,16,54,0,8,841207,17,55,0,7,692700,18,56,0,5,814509,19,57,0,3,548819,20
12:44:16 p.m.: TrStatus --> 12,4,5,95,41.9,37.0,111111,0,0,1,0,20,0,0,0,0,0,2,2,728,0,0,0,0,0,0,0,3,0,0,0,0,0
12:44:20 p.m.: TrResults --> 11,48,0,19,228516,11,49,0,18,769178,12,50,0,17,297291,13,51,0,15,743234,14,52,0,13,509652,15,53,0,10,876045,16,54,0,9,885248,17,55,0,8,693725,18,56,0,6,807025,19,57,0,4,683772,20
12:44:40 p.m.: TrStatus --> 12,4,5,95,43.7,37.0,111111,0,0,1,0,20,0,0,0,0,0,2,2,728,0,0,0,0,0,0,0,3,0,0,0,0,0
12:44:44 p.m.: TrResults --> 11,48,0,20,871467,11,49,0,19,890302,12,50,0,18,283663,13,51,0,16,740956,14,52,0,14,681070,15,53,0,11,424090,16,54,0,10,835815,17,55,0,9,692720,18,56,0,7,800722,19,57,0,5,546079,20
12:45:04 p.m.: TrStatus --> 12,4,5,95,44.0,37.0,111111,0,0,1,0,20,0,0,0,0,0,2,2,728,0,0,0,0,0,0,0,3,0,0,0,0,0
12:45:08 p.m.: TrResults --> 11,48,0,21,226380,11,49,0,20,769014,12,50,0,19,272679,13,51,0,17,738961,14,52,0,15,509160,15,53,0,12,875432,16,54,0,11,884694,17,55,0,10,692652,18,56,0,8,795467,19,57,0,6,683435,20
12:45:18 p.m.: TrStatus --> 12,4,5,95,41.8,37.0,111111,0,0,1,0,20,0,0,0,0,0,2,10,592,0,0,0,0,0,0,0,3,8,0,0,0,0
12:45:32 p.m.: TrResults --> 11,48,0,22,871270,11,49,0,21,890107,12,50,0,20,263419,13,51,0,18,737032,14,52,0,16,681194,15,53,0,13,415282,16,54,0,12,834241,17,55,0,11,694048,18,56,0,9,791683,19,57,0,7,543452,20
12:45:43 p.m.: TrStatus --> 12,4,5,95,41.0,37.0,111111,0,0,1,0,20,0,0,0,0,0,2,10,592,0,0,0,0,0,0,0,3,11,0,0,0,0
12:45:53 p.m.: TrStatus --> 12,4,5,95,41.0,37.0,111111,0,0,1,0,20,0,0,0,0,0,2,10,592,0,0,0,0,0,0,0,3,11,0,0,0,0
12:45:56 p.m.: TrResults --> 11,48,0,23,225172,11,49,0,22,768773,12,50,0,21,255823,13,51,0,19,734858,14,52,0,17,508761,15,53,0,14,875771,16,54,0,13,884795,17,55,0,12,614909,18,56,0,10,788621,19,57,0,8,683711,20
12:46:17 p.m.: TrStatus --> 12,4,5,95,41.4,37.0,111111,0,0,1,0,20,0,0,0,0,0,2,10,592,0,0,0,0,0,0,0,3,0,0,0,0,0
12:46:20 p.m.: TrResults --> 11,48,0,24,871160,11,49,0,23,889647,12,50,0,22,249327,13,51,0,20,733105,14,52,0,18,681437,15,53,0,15,409832,16,54,0,14,832110,17,55,0,13,598277,18,56,0,11,787526,19,57,0,9,541555,20
12:46:41 p.m.: TrStatus --> 12,4,5,95,43.6,37.0,111111,0,0,1,0,20,0,0,0,0,0,2,10,592,0,0,0,0,0,0,0,3,0,0,0,0,0
12:46:44 p.m.: TrResults --> 11,48,0,25,224189,11,49,0,24,768679,12,50,0,23,243556,13,51,0,21,731393,14,52,0,19,508780,15,53,0,16,875709,16,54,0,15,884500,17,55,0,14,570587,18,56,0,12,785855,19,57,0,10,684020,20
12:47:05 p.m.: TrStatus --> 12,4,5,95,44.0,37.0,111111,0,0,1,0,20,0,0,0,0,0,2,10,592,0,0,0,0,0,0,0,3,0,0,0,0,0
12:47:08 p.m.: TrResults --> 11,53,0,17,405726,16,54,0,16,831870,17,55,0,15,547433,18,56,0,13,784572,19,57,0,11,540306,20
12:47:29 p.m.: TrStatus --> 12,4,5,95,43.8,37.0,111111,0,0,1,0,20,0,0,0,0,0,2,10,592,0,0,0,0,0,0,0,3,0,0,0,0,0
12:47:32 p.m.: TrResults --> 11,53,0,18,875342,16,54,0,17,884328,17,55,0,16,528727,18,56,0,14,785240,19,57,0,12,683988,20
12:47:48 p.m.: TrStatus --> 12,4,5,95,43.7,37.0,111111,0,0,1,0,20,0,0,0,0,0,2,10,592,0,0,0,0,0,0,0,3,0,0,0,0,0
12:47:53 p.m.: TrStatus --> 12,4,5,95,43.6,37.0,111111,0,0,1,0,20,0,0,0,0,0,2,10,592,0,0,0,0,0,0,0,3,0,0,0,0,0
12:47:56 p.m.: TrResults --> 11,53,0,19,402912,16,54,0,18,831141,17,55,0,17,512867,18,56,0,15,784177,19,57,0,13,539851,20
12:48:17 p.m.: TrStatus --> 12,4,5,95,43.6,37.0,111111,0,0,1,0,20,0,0,0,0,0,2,10,592,0,0,0,0,0,0,0,3,0,0,0,0,0
12:48:20 p.m.: TrResults --> 11,53,0,20,875259,16,54,0,19,884247,17,55,0,18,499345,18,56,0,16,783396,19,57,0,14,684045,20
12:48:37 p.m.: TrStatus --> 12,4,5,95,41.0,37.0,111111,0,0,1,0,20,0,0,0,0,0,3,3,722,0,0,0,0,0,0,0,3,7,0,0,0,0
12:48:44 p.m.: TrResults --> 11,53,0,21,401147,16,54,0,20,830685,17,55,0,19,487186,18,56,0,17,782738,19,57,0,15,538886,20
12:48:54 p.m.: TrStatus --> 12,4,5,95,41.0,37.0,111111,0,0,1,0,21,0,0,0,0,0,2,2,738,0,0,0,0,0,0,0,3,11,0,0,0,0
12:49:08 p.m.: TrResults --> 11,53,0,22,874910,16,54,0,21,883872,17,55,0,20,477312,18,56,0,18,783058,19,57,0,16,684164,20,58,0,0,686376,21
12:49:29 p.m.: TrStatus --> 12,4,5,95,41.0,37.0,111111,0,0,1,0,21,0,0,0,0,0,2,2,738,0,0,0,0,0,0,0,3,0,0,0,0,0
12:49:32 p.m.: TrResults --> 11,53,0,23,399993,16,54,0,22,830503,17,55,0,21,468930,18,56,0,19,783034,19,57,0,17,538842,20,58,0,1,883330,21
12:49:53 p.m.: TrStatus --> 12,4,5,95,42.7,37.0,111111,0,0,1,0,21,0,0,0,0,0,2,2,738,0,0,0,0,0,0,0,3,0,0,0,0,0
12:49:56 p.m.: TrResults --> 11,53,0,24,875374,16,54,0,23,883793,17,55,0,22,461355,18,56,0,20,782368,19,57,0,18,683882,20,58,0,2,874427,21
12:50:17 p.m.: TrStatus --> 12,4,5,95,43.9,37.0,111111,0,0,1,0,21,0,0,0,0,0,2,2,738,0,0,0,0,0,0,0,3,0,0,0,0,0
12:50:20 p.m.: TrResults --> 11,53,0,25,399197,16,54,0,24,830439,17,55,0,23,454802,18,56,0,21,782316,19,57,0,19,537145,20,58,0,3,883114,21
12:50:41 p.m.: TrStatus --> 12,4,5,95,43.9,37.0,111111,0,0,1,0,21,0,0,0,0,0,2,2,738,0,0,0,0,0,0,0,3,0,0,0,0,0
12:50:44 p.m.: TrResults --> 11,58,0,4,874501,21
12:50:54 p.m.: TrStatus --> 12,4,5,95,41.6,37.0,111111,0,0,1,0,21,0,0,0,0,0,2,5,1033,0,0,0,0,0,0,0,3,8,0,0,0,0
12:51:08 p.m.: TrResults --> 11,58,0,5,882756,21
12:51:20 p.m.: TrStatus --> 12,4,5,95,41.0,37.0,111111,0,0,1,0,21,0,0,0,0,0,2,5,1033,0,0,0,0,0,0,0,3,11,0,0,0,0
12:51:29 p.m.: TrStatus --> 12,4,5,95,41.0,37.0,111111,0,0,1,0,21,0,0,0,0,0,2,5,1033,0,0,0,0,0,0,0,3,11,0,0,0,0
12:51:32 p.m.: TrResults --> 11,58,0,6,839408,21
12:51:53 p.m.: TrStatus --> 12,4,5,95,41.4,37.0,111111,0,0,1,0,21,0,0,0,0,0,2,5,1033,0,0,0,0,0,0,0,3,0,0,0,0,0
12:51:56 p.m.: TrResults --> 11,58,0,7,885282,21
12:52:17 p.m.: TrStatus --> 12,4,5,95,43.4,37.0,111111,0,0,1,0,21,0,0,0,0,0,2,5,1033,0,0,0,0,0,0,0,3,0,0,0,0,0
12:52:20 p.m.: TrResults --> 11,58,0,8,843133,21
12:52:41 p.m.: TrStatus --> 12,4,5,95,43.9,37.0,111111,0,0,1,0,21,0,0,0,0,0,2,5,1033,0,0,0,0,0,0,0,3,0,0,0,0,0
12:52:44 p.m.: TrResults --> 11,58,0,9,886990,21
12:53:05 p.m.: TrStatus --> 12,4,5,95,43.7,37.0,111111,0,0,1,0,21,0,0,0,0,0,2,5,1033,0,0,0,0,0,0,0,3,0,0,0,0,0
12:53:08 p.m.: TrResults --> 11,58,0,10,836557,21
12:53:29 p.m.: TrStatus --> 12,4,5,95,43.6,37.0,111111,0,0,1,0,21,0,0,0,0,0,2,5,1033,0,0,0,0,0,0,0,3,0,0,0,0,0
12:53:32 p.m.: TrResults --> 11,58,0,11,884728,21
12:53:53 p.m.: TrStatus --> 12,4,5,95,43.5,37.0,111111,0,0,1,0,21,0,0,0,0,0,2,5,1033,0,0,0,0,0,0,0,3,0,0,0,0,0
12:53:56 p.m.: TrResults --> 11,58,0,12,833313,21
12:54:17 p.m.: TrStatus --> 12,4,5,95,43.5,37.0,111111,0,0,1,0,21,0,0,0,0,0,2,5,1033,0,0,0,0,0,0,0,3,0,0,0,0,0
12:54:20 p.m.: TrResults --> 11,58,0,13,884345,21
12:54:41 p.m.: TrStatus --> 12,4,5,95,43.6,37.0,111111,0,0,1,0,21,0,0,0,0,0,2,5,1033,0,0,0,0,0,0,0,3,0,0,0,0,0
12:54:44 p.m.: TrResults --> 11,58,0,14,832214,21
12:55:05 p.m.: TrStatus --> 12,4,5,95,43.6,37.0,111111,0,0,1,0,21,0,0,0,0,0,2,5,1033,0,0,0,0,0,0,0,3,0,0,0,0,0
12:55:09 p.m.: TrResults --> 11,58,0,15,885633,21
12:55:29 p.m.: TrStatus --> 12,4,5,95,43.6,37.0,111111,0,0,1,0,21,0,0,0,0,0,2,5,1033,0,0,0,0,0,0,0,3,0,0,0,0,0
12:55:33 p.m.: TrResults --> 11,58,0,16,833245,21
12:55:53 p.m.: TrStatus --> 12,4,5,95,43.6,37.0,111111,0,0,1,0,21,0,0,0,0,0,2,5,1033,0,0,0,0,0,0,0,3,0,0,0,0,0
12:55:57 p.m.: TrResults --> 11,58,0,17,886106,21
12:56:17 p.m.: TrStatus --> 12,4,5,95,43.6,37.0,111111,0,0,1,0,21,0,0,0,0,0,2,5,1033,0,0,0,0,0,0,0,3,0,0,0,0,0
12:56:21 p.m.: TrResults --> 11,58,0,18,833420,21
12:56:21 p.m.: TrStatus --> 12,4,5,95,43.6,37.0,111111,0,0,0,0,21,0,0,0,0,0,2,5,1033,0,0,0,0,0,0,0,3,0,0,0,0,0
12:56:21 p.m.: TrStatus --> 12,4,5,95,43.6,37.0,111111,0,0,0,0,21,0,0,0,0,0,2,5,1033,0,0,0,0,0,0,0,3,0,0,0,0,0
12:56:44 p.m.: TrStatus --> 12,2,5,95,43.6,37.0,111111,0,0,0,0,21,0,0,0,0,0,2,5,1033,0,0,0,0,0,0,0,3,0,0,0,0,0
01:07:47 p.m.: TrStatus --> 12,4,5,95,43.7,37.0,111111,0,0,0,0,21,0,0,0,0,0,2,5,1033,0,0,0,0,0,0,0,3,0,0,0,0,0
01:08:06 p.m.: TrStatus --> 12,4,5,95,41.6,37.0,111111,0,0,0,0,21,0,0,0,0,0,2,2,748,0,0,0,0,0,0,0,3,11,0,0,0,0
01:08:38 p.m.: TrStatus --> 12,4,5,95,41.0,37.0,111111,0,0,0,0,21,0,0,0,0,0,3,3,697,0,0,0,0,0,0,0,3,7,0,0,0,0
01:09:02 p.m.: TrStatus --> 12,4,5,95,41.0,37.0,111111,0,0,1,0,22,0,0,0,0,0,3,3,698,0,0,0,0,0,0,0,3,7,0,0,0,0
01:09:09 p.m.: TrResults --> 11,59,0,0,752641,22
01:09:26 p.m.: TrStatus --> 12,4,5,95,41.0,37.0,111111,0,0,1,0,23,0,0,0,0,0,3,3,702,0,0,0,0,0,0,0,3,7,0,0,0,0
01:09:33 p.m.: TrResults --> 11,59,0,1,852471,22,60,0,0,339105,23
01:09:50 p.m.: TrStatus --> 12,4,5,95,41.0,37.0,111111,0,0,1,0,24,0,0,0,0,0,3,3,699,0,0,0,0,0,0,0,3,7,0,0,0,0
01:09:57 p.m.: TrResults --> 11,59,0,2,854206,22,60,0,1,666297,23,61,0,0,727848,24
01:10:07 p.m.: TrStatus --> 12,4,5,95,41.0,37.0,111111,0,0,1,0,25,0,0,0,0,0,2,7,1023,0,0,0,0,0,0,0,3,8,0,0,0,0
01:10:21 p.m.: TrResults --> 11,59,0,3,854794,22,60,0,2,749761,23,61,0,1,711024,24,62,0,0,542543,25
01:10:38 p.m.: TrStatus --> 12,4,5,95,41.0,37.0,111111,0,0,1,0,25,0,0,0,0,0,3,4,684,0,0,0,0,0,0,0,3,7,0,0,0,0
01:10:45 p.m.: TrResults --> 11,59,0,4,837693,22,60,0,3,752143,23,61,0,2,874441,24,62,0,1,598503,25
01:10:55 p.m.: TrStatus --> 12,4,5,95,41.0,37.0,111111,0,0,1,0,26,0,0,0,0,0,2,2,761,0,0,0,0,0,0,0,3,11,0,0,0,0
01:11:09 p.m.: TrResults --> 11,59,0,5,849438,22,60,0,4,751421,23,61,0,3,638438,24,62,0,2,682968,25,63,0,0,550685,26
01:11:30 p.m.: TrStatus --> 12,4,5,95,41.0,37.0,111111,0,0,1,0,26,0,0,0,0,0,2,2,761,0,0,0,0,0,0,0,3,0,0,0,0,0
01:11:33 p.m.: TrResults --> 11,59,0,6,845930,22,60,0,5,754155,23,61,0,4,878448,24,62,0,3,593408,25,63,0,1,559248,26
01:11:54 p.m.: TrStatus --> 12,4,5,95,41.8,37.0,111111,0,0,1,0,26,0,0,0,0,0,2,2,761,0,0,0,0,0,0,0,3,0,0,0,0,0
01:11:57 p.m.: TrResults --> 11,59,0,7,842684,22,60,0,6,752807,23,61,0,5,601243,24,62,0,4,681226,25,63,0,2,677796,26
01:12:18 p.m.: TrStatus --> 12,4,5,95,43.7,37.0,111111,0,0,1,0,26,0,0,0,0,0,2,2,761,0,0,0,0,0,0,0,3,0,0,0,0,0
01:12:21 p.m.: TrResults --> 11,59,0,8,840826,22,60,0,7,754361,23,61,0,6,876924,24,62,0,5,584156,25,63,0,3,549545,26
01:12:42 p.m.: TrStatus --> 12,4,5,95,44.0,37.0,111111,0,0,1,0,26,0,0,0,0,0,2,2,761,0,0,0,0,0,0,0,3,0,0,0,0,0
01:12:45 p.m.: TrResults --> 11,59,0,9,839828,22,60,0,8,752053,23,61,0,7,578768,24,62,0,6,680487,25,63,0,4,677722,26
01:13:06 p.m.: TrStatus --> 12,4,5,95,43.8,37.0,111111,0,0,1,0,26,0,0,0,0,0,2,2,761,0,0,0,0,0,0,0,3,0,0,0,0,0
01:13:09 p.m.: TrResults --> 11,59,0,10,839335,22,60,0,9,751854,23,61,0,8,875741,24,62,0,7,582438,25,63,0,5,544250,26
01:13:30 p.m.: TrStatus --> 12,4,5,95,43.7,37.0,111111,0,0,1,0,26,0,0,0,0,0,2,2,761,0,0,0,0,0,0,0,3,0,0,0,0,0
01:13:33 p.m.: TrResults --> 11,59,0,11,839002,22,60,0,10,752361,23,61,0,9,564282,24,62,0,8,680344,25,63,0,6,677350,26
01:13:43 p.m.: TrStatus --> 12,4,5,95,41.7,37.0,111111,0,0,1,0,26,0,0,0,0,0,2,10,594,0,0,0,0,0,0,0,3,8,0,0,0,0
01:13:57 p.m.: TrResults --> 11,59,0,12,838047,22,60,0,11,752528,23,61,0,10,874679,24,62,0,9,581147,25,63,0,7,540945,26
01:14:09 p.m.: TrStatus --> 12,4,5,95,41.0,37.0,111111,0,0,1,0,26,0,0,0,0,0,2,10,594,0,0,0,0,0,0,0,3,11,0,0,0,0
01:14:18 p.m.: TrStatus --> 12,4,5,95,41.0,37.0,111111,0,0,1,0,26,0,0,0,0,0,2,10,594,0,0,0,0,0,0,0,3,11,0,0,0,0
01:14:21 p.m.: TrResults --> 11,59,0,13,837301,22,60,0,12,655510,23,61,0,11,554339,24,62,0,10,680463,25,63,0,8,676924,26
01:14:42 p.m.: TrStatus --> 12,4,5,95,41.5,37.0,111111,0,0,1,0,26,0,0,0,0,0,2,10,594,0,0,0,0,0,0,0,3,0,0,0,0,0
01:14:45 p.m.: TrResults --> 11,59,0,14,837500,22,60,0,13,644815,23,61,0,12,874412,24,62,0,11,581043,25,63,0,9,538261,26
01:15:06 p.m.: TrStatus --> 12,4,5,95,43.6,37.0,111111,0,0,1,0,26,0,0,0,0,0,2,10,594,0,0,0,0,0,0,0,3,0,0,0,0,0
01:15:09 p.m.: TrResults --> 11,59,0,15,836878,22,60,0,14,625512,23,61,0,13,547614,24,62,0,12,681180,25,63,0,10,676591,26
01:15:30 p.m.: TrStatus --> 12,4,5,95,44.0,37.0,111111,0,0,1,0,26,0,0,0,0,0,2,10,594,0,0,0,0,0,0,0,3,0,0,0,0,0
01:15:33 p.m.: TrResults --> 11,59,0,16,837056,22,60,0,15,609057,23,61,0,14,874224,24,62,0,13,580912,25,63,0,11,535071,26
01:15:54 p.m.: TrStatus --> 12,4,5,95,43.8,37.0,111111,0,0,1,0,26,0,0,0,0,0,2,10,594,0,0,0,0,0,0,0,3,0,0,0,0,0
01:15:57 p.m.: TrResults --> 11,60,0,16,597129,23,61,0,15,543166,24,62,0,14,680983,25,63,0,12,676371,26
01:16:18 p.m.: TrStatus --> 12,4,5,95,43.7,37.0,111111,0,0,1,0,26,0,0,0,0,0,2,10,594,0,0,0,0,0,0,0,3,0,0,0,0,0
01:16:21 p.m.: TrResults --> 11,60,0,17,585306,23,61,0,16,873382,24,62,0,15,579293,25,63,0,13,533506,26
01:16:42 p.m.: TrStatus --> 12,4,5,95,43.7,37.0,111111,0,0,1,0,26,0,0,0,0,0,2,10,594,0,0,0,0,0,0,0,3,0,0,0,0,0
01:16:45 p.m.: TrResults --> 11,61,0,17,540021,24,62,0,16,680702,25,63,0,14,676609,26
01:17:06 p.m.: TrStatus --> 12,4,5,95,43.7,37.0,111111,0,0,1,0,26,0,0,0,0,0,2,10,594,0,0,0,0,0,0,0,3,0,0,0,0,0
01:17:09 p.m.: TrResults --> 11,61,0,18,873470,24,62,0,17,578532,25,63,0,15,532388,26
01:17:30 p.m.: TrStatus --> 12,4,5,95,43.7,37.0,111111,0,0,1,0,26,0,0,0,0,0,2,10,594,0,0,0,0,0,0,0,3,0,0,0,0,0
01:17:33 p.m.: TrResults --> 11,61,0,19,537755,24,62,0,18,681069,25,63,0,16,676200,26
01:17:54 p.m.: TrStatus --> 12,4,5,95,43.7,37.0,111111,0,0,1,0,26,0,0,0,0,0,2,10,594,0,0,0,0,0,0,0,3,0,0,0,0,0
01:17:57 p.m.: TrResults --> 11,61,0,20,873739,24,62,0,19,580726,25,63,0,17,530707,26
01:18:18 p.m.: TrStatus --> 12,4,5,95,43.7,37.0,111111,0,0,1,0,26,0,0,0,0,0,2,10,594,0,0,0,0,0,0,0,3,0,0,0,0,0
01:18:21 p.m.: TrResults --> 11,61,0,21,536614,24,62,0,20,680754,25,63,0,18,675770,26
01:18:42 p.m.: TrStatus --> 12,4,5,95,43.7,37.0,111111,0,0,1,0,26,0,0,0,0,0,2,10,594,0,0,0,0,0,0,0,3,0,0,0,0,0
01:18:45 p.m.: TrResults --> 11,61,0,22,872929,24,62,0,21,581386,25,63,0,19,529934,26
01:19:06 p.m.: TrStatus --> 12,4,5,95,43.7,37.0,111111,0,0,1,0,26,0,0,0,0,0,2,10,594,0,0,0,0,0,0,0,3,0,0,0,0,0
01:19:09 p.m.: TrResults --> 11,61,0,23,535574,24,62,0,22,681424,25,63,0,20,675615,26
01:19:30 p.m.: TrStatus --> 12,4,5,95,43.6,37.0,111111,0,0,1,0,26,0,0,0,0,0,2,10,594,0,0,0,0,0,0,0,3,0,0,0,0,0
01:19:33 p.m.: TrResults --> 11,61,0,24,872786,24,62,0,23,581679,25,63,0,21,529536,26
01:19:54 p.m.: TrStatus --> 12,4,5,95,43.7,37.0,111111,0,0,1,0,26,0,0,0,0,0,2,10,594,0,0,0,0,0,0,0,3,0,0,0,0,0
01:19:57 p.m.: TrResults --> 11,61,0,25,534927,24,62,0,24,682467,25,63,0,22,675698,26
01:19:58 p.m.: TrStatus --> 12,4,5,95,43.7,37.0,111111,0,0,0,0,26,0,0,0,0,0,2,10,594,0,0,0,0,0,0,0,3,0,0,0,0,0
01:19:58 p.m.: TrStatus --> 12,4,5,95,43.7,37.0,111111,0,0,0,0,26,0,0,0,0,0,2,10,594,0,0,0,0,0,0,0,3,0,0,0,0,0
01:20:20 p.m.: TrStatus --> 12,2,5,95,43.7,37.0,111111,0,0,0,0,26,0,0,0,0,0,2,10,594,0,0,0,0,0,0,0,3,0,0,0,0,0
01:57:37 p.m.: TrStatus --> 12,5,5,95,43.7,37.0,111111,0,0,0,0,26,0,0,0,0,0,2,10,594,0,0,0,0,0,0,0,3,0,0,0,0,0
Open file: 14/01/2026
09:39:11 a.m.: Formato Trama: Fi, IdPrep, DecaladoBir, N Lectura, N Cuentas, N Pocillo, IdPrep, DecaladoBir, N Lectura, N Cuentas, N Pocillo,...
09:39:23 a.m.: TrStatus --> 12,2,5,95,32.0,32.0,111111,0,0,0,0,0,0,0,0,0,0,0,0,0,0,0,0,0,0,0,0,0,1,0,0,0,0
Open file: 14/05/2026
03:28:28 p.m.: Formato Trama: Fi, IdPrep, DecaladoBir, N Lectura, N Cuentas, N Pocillo, IdPrep, DecaladoBir, N Lectura, N Cuentas, N Pocillo,...
Open file: 14/05/2026
03:29:25 p.m.: Formato Trama: Fi, IdPrep, DecaladoBir, N Lectura, N Cuentas, N Pocillo, IdPrep, DecaladoBir, N Lectura, N Cuentas, N Pocillo,...
03:29:36 p.m.: TrStatus --> 12,2,5,95,32.0,32.0,111111,0,0,0,0,0,0,0,0,0,0,0,0,0,0,0,0,0,0,0,0,0,1,0,0,0,0
Open file: 14/05/2026
03:32:12 p.m.: Formato Trama: Fi, IdPrep, DecaladoBir, N Lectura, N Cuentas, N Pocillo, IdPrep, DecaladoBir, N Lectura, N Cuentas, N Pocillo,...
03:32:22 p.m.: TrStatus --> 12,2,5,95,32.0,32.0,111111,0,0,0,0,0,0,0,0,0,0,0,0,0,0,0,0,0,0,0,0,0,1,0,0,0,0
03:32:29 p.m.: TrStatus --> 12,1,5,95,32.0,32.0,111111,0,0,0,0,0,0,0,0,0,0,0,0,0,0,0,0,0,0,0,0,0,3,0,0,0,0
03:34:05 p.m.: TrStatus --> 12,1,5,95,32.0,32.0,111111,0,0,0,0,26,0,0,0,0,0,0,0,0,0,0,0,0,0,0,0,0,3,0,0,0,0
03:34:38 p.m.: TrStatus --> 12,1,5,95,42.3,32.5,111111,0,0,0,0,26,0,0,0,0,0,0,0,0,0,0,0,0,0,0,0,1,0,0,0,0,0
03:38:15 p.m.: TrStatus --> 12,1,5,95,42.3,32.7,111111,0,0,0,0,26,0,0,0,0,0,0,0,0,0,0,0,0,0,0,0,2,0,0,0,0,0
03:47:09 p.m.: TrStatus --> 12,1,5,95,42.3,37.1,111111,0,0,0,0,26,0,0,0,0,0,0,0,0,0,0,0,0,0,0,0,2,5,0,0,0,0
03:47:38 p.m.: TrStatus --> 12,1,5,95,42.3,37.1,111111,0,0,0,0,26,0,0,0,0,0,0,0,0,0,0,0,0,0,0,0,3,0,0,0,0,0
03:52:32 p.m.: TrStatus --> 12,2,5,95,43.7,37.0,111111,0,0,0,0,26,0,0,0,0,0,0,0,0,0,0,0,0,0,0,0,3,0,0,0,0,0
Open file: 15/05/2026
10:05:53 a.m.: Formato Trama: Fi, IdPrep, DecaladoBir, N Lectura, N Cuentas, N Pocillo, IdPrep, DecaladoBir, N Lectura, N Cuentas, N Pocillo,...
10:06:04 a.m.: TrStatus --> 12,2,5,95,32.0,32.0,111111,0,0,0,0,0,0,0,0,0,0,0,0,0,0,0,0,0,0,0,0,0,1,0,0,0,0
10:06:07 a.m.: TrStatus --> 12,1,5,95,32.0,32.0,111111,0,0,0,0,0,0,0,0,0,0,0,0,0,0,0,0,0,0,0,0,0,3,0,0,0,0
10:07:43 a.m.: TrStatus --> 12,1,5,95,32.0,32.0,111111,0,0,0,0,26,0,0,0,0,0,0,0,0,0,0,0,0,0,0,0,0,3,0,0,0,0
10:08:11 a.m.: TrStatus --> 12,1,5,95,42.3,32.5,111111,0,0,0,0,26,0,0,0,0,0,0,0,0,0,0,0,0,0,0,0,1,0,0,0,0,0
Open file: 15/05/2026
10:29:52 a.m.: Formato Trama: Fi, IdPrep, DecaladoBir, N Lectura, N Cuentas, N Pocillo, IdPrep, DecaladoBir, N Lectura, N Cuentas, N Pocillo,...
10:30:02 a.m.: TrStatus --> 12,1,5,95,43.6,37.1,111111,0,0,0,0,26,0,0,0,0,0,0,0,0,0,0,0,0,0,0,0,1,1,0,0,0,0
10:31:31 a.m.: TrStatus --> 12,1,5,95,42.3,37.0,111111,0,0,0,0,26,0,0,0,0,0,0,0,0,0,0,0,0,0,0,0,2,0,0,0,0,0
